
*** Running vivado
    with args -log datapath.vds -m64 -product Vivado -mode batch -messageDb vivado.pb -notrace -source datapath.tcl



****** Vivado v2025.2 (64-bit)
  **** SW Build 6299465 on Fri Nov 14 19:35:11 GMT 2025
  **** IP Build 6300035 on Fri Nov 14 10:48:45 MST 2025
  **** SharedData Build 6298862 on Thu Nov 13 04:50:51 MST 2025
  **** Start of session at: Sun Apr  5 20:28:59 2026
    ** Copyright 1986-2022 Xilinx, Inc. All Rights Reserved.
    ** Copyright 2022-2025 Advanced Micro Devices, Inc. All Rights Reserved.

source datapath.tcl -notrace
create_project: Time (s): cpu = 00:00:10 ; elapsed = 00:00:07 . Memory (MB): peak = 529.520 ; gain = 218.559
Command: read_checkpoint -auto_incremental -incremental {E:/Vivado projects/CSE_Project1/project_1/project_1.srcs/utils_1/imports/synth_1/component_testbench.dcp}
INFO: [Vivado 12-5825] Read reference checkpoint from E:/Vivado projects/CSE_Project1/project_1/project_1.srcs/utils_1/imports/synth_1/component_testbench.dcp for incremental synthesis
INFO: [Vivado 12-7989] Please ensure there are no constraint changes
Command: synth_design -top datapath -part xc7a35tcpg236-1
Starting synth_design
Attempting to get a license for feature 'Synthesis' and/or device 'xc7a35t'
INFO: [Common 17-349] Got license for feature 'Synthesis' and/or device 'xc7a35t'
INFO: [Designutils 20-5440] No compile time benefit to using incremental synthesis; A full resynthesis will be run
INFO: [Designutils 20-4379] Flow is switching to default flow due to incremental criteria not met. If you would like to alter this behaviour and have the flow terminate instead, please set the following parameter config_implementation {autoIncr.Synth.RejectBehavior Terminate}
INFO: [Synth 8-7079] Multithreading enabled for synth_design using a maximum of 2 processes.
INFO: [Synth 8-7078] Launching helper process for spawning children vivado processes
INFO: [Synth 8-7075] Helper process launched with PID 109788
---------------------------------------------------------------------------------
Starting Synthesize : Time (s): cpu = 00:00:07 ; elapsed = 00:00:07 . Memory (MB): peak = 1073.422 ; gain = 530.496
---------------------------------------------------------------------------------
INFO: [Synth 8-6157] synthesizing module 'datapath' [E:/Vivado projects/CSE_Project1/project_1/project_1.srcs/sources_1/new/datapath.v:3]
INFO: [Synth 8-6157] synthesizing module 'ProgramCounter_16bit' [E:/Vivado projects/CSE_Project1/project_1/project_1.srcs/sources_1/new/ProgramCounter_16bit.v:3]
INFO: [Synth 8-6155] done synthesizing module 'ProgramCounter_16bit' (0#1) [E:/Vivado projects/CSE_Project1/project_1/project_1.srcs/sources_1/new/ProgramCounter_16bit.v:3]
INFO: [Synth 8-6157] synthesizing module 'adder_16bit' [E:/Vivado projects/CSE_Project1/project_1/project_1.srcs/sources_1/new/adder_16bit.v:23]
INFO: [Synth 8-6155] done synthesizing module 'adder_16bit' (0#1) [E:/Vivado projects/CSE_Project1/project_1/project_1.srcs/sources_1/new/adder_16bit.v:23]
INFO: [Synth 8-6157] synthesizing module 'instruction_memory' [E:/Vivado projects/CSE_Project1/project_1/project_1.srcs/sources_1/new/instruction_mem.v:23]
INFO: [Synth 8-251] Instruction Memory Initialized [E:/Vivado projects/CSE_Project1/project_1/project_1.srcs/sources_1/new/instruction_mem.v:76]
INFO: [Synth 8-251] Memory[0] = 0x3105 (addi $s1, $s0, 5) [E:/Vivado projects/CSE_Project1/project_1/project_1.srcs/sources_1/new/instruction_mem.v:77]
INFO: [Synth 8-251] Memory[1] = 0x3203 (addi $s2, $s0, 3) [E:/Vivado projects/CSE_Project1/project_1/project_1.srcs/sources_1/new/instruction_mem.v:78]
INFO: [Synth 8-251] Memory[2] = 0x310 (add $s3, $s1, $s2) [E:/Vivado projects/CSE_Project1/project_1/project_1.srcs/sources_1/new/instruction_mem.v:79]
INFO: [Synth 8-251] Memory[3] = 0x2304 (sw $s3, 4($s0)) [E:/Vivado projects/CSE_Project1/project_1/project_1.srcs/sources_1/new/instruction_mem.v:80]
INFO: [Synth 8-251] Memory[4] = 0x1404 (lw $s4, 4($s0)) [E:/Vivado projects/CSE_Project1/project_1/project_1.srcs/sources_1/new/instruction_mem.v:81]
INFO: [Synth 8-6155] done synthesizing module 'instruction_memory' (0#1) [E:/Vivado projects/CSE_Project1/project_1/project_1.srcs/sources_1/new/instruction_mem.v:23]
INFO: [Synth 8-6157] synthesizing module 'instruction_decode' [E:/Vivado projects/CSE_Project1/project_1/project_1.srcs/sources_1/new/instruction_decode.v:2]
INFO: [Synth 8-6155] done synthesizing module 'instruction_decode' (0#1) [E:/Vivado projects/CSE_Project1/project_1/project_1.srcs/sources_1/new/instruction_decode.v:2]
INFO: [Synth 8-6157] synthesizing module 'control_unit' [E:/Vivado projects/CSE_Project1/project_1/project_1.srcs/sources_1/new/control_unit.v:23]
INFO: [Synth 8-6155] done synthesizing module 'control_unit' (0#1) [E:/Vivado projects/CSE_Project1/project_1/project_1.srcs/sources_1/new/control_unit.v:23]
INFO: [Synth 8-6157] synthesizing module 'register_file' [E:/Vivado projects/CSE_Project1/project_1/project_1.srcs/sources_1/new/register_file.v:3]
INFO: [Synth 8-6155] done synthesizing module 'register_file' (0#1) [E:/Vivado projects/CSE_Project1/project_1/project_1.srcs/sources_1/new/register_file.v:3]
INFO: [Synth 8-6157] synthesizing module 'SignExtension' [E:/Vivado projects/CSE_Project1/project_1/project_1.srcs/sources_1/new/SignExtension.v:3]
INFO: [Synth 8-6155] done synthesizing module 'SignExtension' (0#1) [E:/Vivado projects/CSE_Project1/project_1/project_1.srcs/sources_1/new/SignExtension.v:3]
INFO: [Synth 8-6157] synthesizing module 'mux_alu_src' [E:/Vivado projects/CSE_Project1/project_1/project_1.srcs/sources_1/new/mux.v:3]
INFO: [Synth 8-6155] done synthesizing module 'mux_alu_src' (0#1) [E:/Vivado projects/CSE_Project1/project_1/project_1.srcs/sources_1/new/mux.v:3]
INFO: [Synth 8-6157] synthesizing module 'alu' [E:/Vivado projects/CSE_Project1/project_1/project_1.srcs/sources_1/new/alu.v:23]
INFO: [Synth 8-6155] done synthesizing module 'alu' (0#1) [E:/Vivado projects/CSE_Project1/project_1/project_1.srcs/sources_1/new/alu.v:23]
INFO: [Synth 8-6157] synthesizing module 'data_memory' [E:/Vivado projects/CSE_Project1/project_1/project_1.srcs/sources_1/new/data_memory.v:23]
INFO: [Synth 8-251] Data Memory Initialized [E:/Vivado projects/CSE_Project1/project_1/project_1.srcs/sources_1/new/data_memory.v:51]
INFO: [Synth 8-6155] done synthesizing module 'data_memory' (0#1) [E:/Vivado projects/CSE_Project1/project_1/project_1.srcs/sources_1/new/data_memory.v:23]
INFO: [Synth 8-6157] synthesizing module 'mux_wb' [E:/Vivado projects/CSE_Project1/project_1/project_1.srcs/sources_1/new/mux.v:13]
INFO: [Synth 8-6155] done synthesizing module 'mux_wb' (0#1) [E:/Vivado projects/CSE_Project1/project_1/project_1.srcs/sources_1/new/mux.v:13]
INFO: [Synth 8-6157] synthesizing module 'mux_pc' [E:/Vivado projects/CSE_Project1/project_1/project_1.srcs/sources_1/new/mux.v:23]
INFO: [Synth 8-6155] done synthesizing module 'mux_pc' (0#1) [E:/Vivado projects/CSE_Project1/project_1/project_1.srcs/sources_1/new/mux.v:23]
INFO: [Synth 8-6155] done synthesizing module 'datapath' (0#1) [E:/Vivado projects/CSE_Project1/project_1/project_1.srcs/sources_1/new/datapath.v:3]
WARNING: [Synth 8-4767] Trying to implement RAM 'mem_reg' in registers. Block RAM or DRAM implementation is not possible; see log for reasons. [E:/Vivado projects/CSE_Project1/project_1/project_1.srcs/sources_1/new/data_memory.v:60]
Reason is one or more of the following :
	1: RAM has multiple writes via different ports in same process. If RAM inferencing intended, write to one port per process. 
	2: Invalid write to RAM. 
	3: No valid clock found for write to RAM. 
WARNING: [Synth 8-7129] Port address[0] in module instruction_memory is either unconnected or has no load
---------------------------------------------------------------------------------
Finished Synthesize : Time (s): cpu = 00:00:09 ; elapsed = 00:00:09 . Memory (MB): peak = 1226.062 ; gain = 683.137
---------------------------------------------------------------------------------
