Copyright 1986-2022 Xilinx, Inc. All Rights Reserved. Copyright 2022-2025 Advanced Micro Devices, Inc. All Rights Reserved.
---------------------------------------------------------------------------------------------------------------------------------------------------------------------------------------------------------------------------------------------
| Tool Version : Vivado v.2025.2 (win64) Build 6299465 Fri Nov 14 19:35:11 GMT 2025
| Date         : Sat Mar 14 02:09:55 2026
| Host         : LuckyJason running 64-bit major release  (build 9200)
| Command      : report_timing_summary -max_paths 10 -routable_nets -report_unconstrained -file adder_16bit_timing_summary_routed.rpt -pb adder_16bit_timing_summary_routed.pb -rpx adder_16bit_timing_summary_routed.rpx -warn_on_violation
| Design       : adder_16bit
| Device       : 7a35t-cpg236
| Speed File   : -1  PRODUCTION 1.23 2018-06-13
| Design State : Routed
---------------------------------------------------------------------------------------------------------------------------------------------------------------------------------------------------------------------------------------------

Timing Summary Report

------------------------------------------------------------------------------------------------
| Timer Settings
| --------------
------------------------------------------------------------------------------------------------

  Enable Multi Corner Analysis               :  Yes
  Enable Pessimism Removal                   :  Yes
  Pessimism Removal Resolution               :  Nearest Common Node
  Enable Input Delay Default Clock           :  No
  Enable Preset / Clear Arcs                 :  No
  Disable Flight Delays                      :  No
  Ignore I/O Paths                           :  No
  Timing Early Launch at Borrowing Latches   :  No
  Borrow Time for Max Delay Exceptions       :  Yes
  Merge Timing Exceptions                    :  Yes
  Inter-SLR Compensation                     :  Conservative

  Corner  Analyze    Analyze    
  Name    Max Paths  Min Paths  
  ------  ---------  ---------  
  Slow    Yes        Yes        
  Fast    Yes        Yes        


------------------------------------------------------------------------------------------------
| Report Methodology
| ------------------
------------------------------------------------------------------------------------------------

No report available as report_methodology has not been run prior. Run report_methodology on the current design for the summary of methodology violations.



check_timing report

Table of Contents
-----------------
1. checking no_clock (0)
2. checking constant_clock (0)
3. checking pulse_width_clock (0)
4. checking unconstrained_internal_endpoints (0)
5. checking no_input_delay (0)
6. checking no_output_delay (0)
7. checking multiple_clock (0)
8. checking generated_clocks (0)
9. checking loops (0)
10. checking partial_input_delay (0)
11. checking partial_output_delay (0)
12. checking latch_loops (0)

1. checking no_clock (0)
------------------------
 There are 0 register/latch pins with no clock.


2. checking constant_clock (0)
------------------------------
 There are 0 register/latch pins with constant_clock.


3. checking pulse_width_clock (0)
---------------------------------
 There are 0 register/latch pins which need pulse_width check


4. checking unconstrained_internal_endpoints (0)
------------------------------------------------
 There are 0 pins that are not constrained for maximum delay.

 There are 0 pins that are not constrained for maximum delay due to constant clock.


5. checking no_input_delay (0)
------------------------------
 There are 0 input ports with no input delay specified.

 There are 0 input ports with no input delay but user has a false path constraint.


6. checking no_output_delay (0)
-------------------------------
 There are 0 ports with no output delay specified.

 There are 0 ports with no output delay but user has a false path constraint

 There are 0 ports with no output delay but with a timing clock defined on it or propagating through it


7. checking multiple_clock (0)
------------------------------
 There are 0 register/latch pins with multiple clocks.


8. checking generated_clocks (0)
--------------------------------
 There are 0 generated clocks that are not connected to a clock source.


9. checking loops (0)
---------------------
 There are 0 combinational loops in the design.


10. checking partial_input_delay (0)
------------------------------------
 There are 0 input ports with partial input delay specified.


11. checking partial_output_delay (0)
-------------------------------------
 There are 0 ports with partial output delay specified.


12. checking latch_loops (0)
----------------------------
 There are 0 combinational latch loops in the design through latch input



------------------------------------------------------------------------------------------------
| Design Timing Summary
| ---------------------
------------------------------------------------------------------------------------------------

    WNS(ns)      TNS(ns)  TNS Failing Endpoints  TNS Total Endpoints      WHS(ns)      THS(ns)  THS Failing Endpoints  THS Total Endpoints     WPWS(ns)     TPWS(ns)  TPWS Failing Endpoints  TPWS Total Endpoints  
    -------      -------  ---------------------  -------------------      -------      -------  ---------------------  -------------------     --------     --------  ----------------------  --------------------  
        inf        0.000                      0                   16          inf        0.000                      0                   16           NA           NA                      NA                    NA  


There are no user specified timing constraints.


------------------------------------------------------------------------------------------------
| Clock Summary
| -------------
------------------------------------------------------------------------------------------------


------------------------------------------------------------------------------------------------
| Intra Clock Table
| -----------------
------------------------------------------------------------------------------------------------

Clock             WNS(ns)      TNS(ns)  TNS Failing Endpoints  TNS Total Endpoints      WHS(ns)      THS(ns)  THS Failing Endpoints  THS Total Endpoints     WPWS(ns)     TPWS(ns)  TPWS Failing Endpoints  TPWS Total Endpoints  
-----             -------      -------  ---------------------  -------------------      -------      -------  ---------------------  -------------------     --------     --------  ----------------------  --------------------  


------------------------------------------------------------------------------------------------
| Inter Clock Table
| -----------------
------------------------------------------------------------------------------------------------

From Clock    To Clock          WNS(ns)      TNS(ns)  TNS Failing Endpoints  TNS Total Endpoints      WHS(ns)      THS(ns)  THS Failing Endpoints  THS Total Endpoints  
----------    --------          -------      -------  ---------------------  -------------------      -------      -------  ---------------------  -------------------  


------------------------------------------------------------------------------------------------
| Other Path Groups Table
| -----------------------
------------------------------------------------------------------------------------------------

Path Group    From Clock    To Clock          WNS(ns)      TNS(ns)  TNS Failing Endpoints  TNS Total Endpoints      WHS(ns)      THS(ns)  THS Failing Endpoints  THS Total Endpoints  
----------    ----------    --------          -------      -------  ---------------------  -------------------      -------      -------  ---------------------  -------------------  


------------------------------------------------------------------------------------------------
| User Ignored Path Table
| -----------------------
------------------------------------------------------------------------------------------------

Path Group    From Clock    To Clock    
----------    ----------    --------    


------------------------------------------------------------------------------------------------
| Unconstrained Path Table
| ------------------------
------------------------------------------------------------------------------------------------

Path Group    From Clock    To Clock    
----------    ----------    --------    
(none)                                    


------------------------------------------------------------------------------------------------
| Timing Details
| --------------
------------------------------------------------------------------------------------------------


--------------------------------------------------------------------------------------
Path Group:  (none)
From Clock:  
  To Clock:  

Max Delay            16 Endpoints
Min Delay            16 Endpoints
--------------------------------------------------------------------------------------


Max Delay Paths
--------------------------------------------------------------------------------------
Slack:                    inf
  Source:                 A[0]
                            (input port)
  Destination:            SUM[15]
                            (output port)
  Path Group:             (none)
  Path Type:              Max at Slow Process Corner
  Data Path Delay:        9.472ns  (logic 4.936ns (52.115%)  route 4.536ns (47.885%))
  Logic Levels:           7  (CARRY4=4 IBUF=1 LUT2=1 OBUF=1)

    Location             Delay type                Incr(ns)  Path(ns)    Netlist Resource(s)
  -------------------------------------------------------------------    -------------------
    U14                                               0.000     0.000 r  A[0] (IN)
                         net (fo=0)                   0.000     0.000    A[0]
    U14                  IBUF (Prop_ibuf_I_O)         0.936     0.936 r  A_IBUF[0]_inst/O
                         net (fo=2, routed)           2.211     3.148    A_IBUF[0]
    SLICE_X0Y23          LUT2 (Prop_lut2_I0_O)        0.124     3.272 r  SUM_OBUF[3]_inst_i_5/O
                         net (fo=1, routed)           0.000     3.272    SUM_OBUF[3]_inst_i_5_n_0
    SLICE_X0Y23          CARRY4 (Prop_carry4_S[0]_CO[3])
                                                      0.532     3.804 r  SUM_OBUF[3]_inst_i_1/CO[3]
                         net (fo=1, routed)           0.000     3.804    SUM_OBUF[3]_inst_i_1_n_0
    SLICE_X0Y24          CARRY4 (Prop_carry4_CI_CO[3])
                                                      0.114     3.918 r  SUM_OBUF[7]_inst_i_1/CO[3]
                         net (fo=1, routed)           0.009     3.927    SUM_OBUF[7]_inst_i_1_n_0
    SLICE_X0Y25          CARRY4 (Prop_carry4_CI_CO[3])
                                                      0.114     4.041 r  SUM_OBUF[11]_inst_i_1/CO[3]
                         net (fo=1, routed)           0.000     4.041    SUM_OBUF[11]_inst_i_1_n_0
    SLICE_X0Y26          CARRY4 (Prop_carry4_CI_O[3])
                                                      0.313     4.354 r  SUM_OBUF[15]_inst_i_1/O[3]
                         net (fo=1, routed)           2.315     6.669    SUM_OBUF[15]
    D19                  OBUF (Prop_obuf_I_O)         2.803     9.472 r  SUM_OBUF[15]_inst/O
                         net (fo=0)                   0.000     9.472    SUM[15]
    D19                                                               r  SUM[15] (OUT)
  -------------------------------------------------------------------    -------------------

Slack:                    inf
  Source:                 A[0]
                            (input port)
  Destination:            SUM[13]
                            (output port)
  Path Group:             (none)
  Path Type:              Max at Slow Process Corner
  Data Path Delay:        9.443ns  (logic 4.948ns (52.401%)  route 4.495ns (47.599%))
  Logic Levels:           7  (CARRY4=4 IBUF=1 LUT2=1 OBUF=1)

    Location             Delay type                Incr(ns)  Path(ns)    Netlist Resource(s)
  -------------------------------------------------------------------    -------------------
    U14                                               0.000     0.000 r  A[0] (IN)
                         net (fo=0)                   0.000     0.000    A[0]
    U14                  IBUF (Prop_ibuf_I_O)         0.936     0.936 r  A_IBUF[0]_inst/O
                         net (fo=2, routed)           2.211     3.148    A_IBUF[0]
    SLICE_X0Y23          LUT2 (Prop_lut2_I0_O)        0.124     3.272 r  SUM_OBUF[3]_inst_i_5/O
                         net (fo=1, routed)           0.000     3.272    SUM_OBUF[3]_inst_i_5_n_0
    SLICE_X0Y23          CARRY4 (Prop_carry4_S[0]_CO[3])
                                                      0.532     3.804 r  SUM_OBUF[3]_inst_i_1/CO[3]
                         net (fo=1, routed)           0.000     3.804    SUM_OBUF[3]_inst_i_1_n_0
    SLICE_X0Y24          CARRY4 (Prop_carry4_CI_CO[3])
                                                      0.114     3.918 r  SUM_OBUF[7]_inst_i_1/CO[3]
                         net (fo=1, routed)           0.009     3.927    SUM_OBUF[7]_inst_i_1_n_0
    SLICE_X0Y25          CARRY4 (Prop_carry4_CI_CO[3])
                                                      0.114     4.041 r  SUM_OBUF[11]_inst_i_1/CO[3]
                         net (fo=1, routed)           0.000     4.041    SUM_OBUF[11]_inst_i_1_n_0
    SLICE_X0Y26          CARRY4 (Prop_carry4_CI_O[1])
                                                      0.334     4.375 r  SUM_OBUF[15]_inst_i_1/O[1]
                         net (fo=1, routed)           2.274     6.649    SUM_OBUF[13]
    F18                  OBUF (Prop_obuf_I_O)         2.794     9.443 r  SUM_OBUF[13]_inst/O
                         net (fo=0)                   0.000     9.443    SUM[13]
    F18                                                               r  SUM[13] (OUT)
  -------------------------------------------------------------------    -------------------

Slack:                    inf
  Source:                 A[0]
                            (input port)
  Destination:            SUM[14]
                            (output port)
  Path Group:             (none)
  Path Type:              Max at Slow Process Corner
  Data Path Delay:        9.374ns  (logic 4.854ns (51.781%)  route 4.520ns (48.219%))
  Logic Levels:           7  (CARRY4=4 IBUF=1 LUT2=1 OBUF=1)

    Location             Delay type                Incr(ns)  Path(ns)    Netlist Resource(s)
  -------------------------------------------------------------------    -------------------
    U14                                               0.000     0.000 r  A[0] (IN)
                         net (fo=0)                   0.000     0.000    A[0]
    U14                  IBUF (Prop_ibuf_I_O)         0.936     0.936 r  A_IBUF[0]_inst/O
                         net (fo=2, routed)           2.211     3.148    A_IBUF[0]
    SLICE_X0Y23          LUT2 (Prop_lut2_I0_O)        0.124     3.272 r  SUM_OBUF[3]_inst_i_5/O
                         net (fo=1, routed)           0.000     3.272    SUM_OBUF[3]_inst_i_5_n_0
    SLICE_X0Y23          CARRY4 (Prop_carry4_S[0]_CO[3])
                                                      0.532     3.804 r  SUM_OBUF[3]_inst_i_1/CO[3]
                         net (fo=1, routed)           0.000     3.804    SUM_OBUF[3]_inst_i_1_n_0
    SLICE_X0Y24          CARRY4 (Prop_carry4_CI_CO[3])
                                                      0.114     3.918 r  SUM_OBUF[7]_inst_i_1/CO[3]
                         net (fo=1, routed)           0.009     3.927    SUM_OBUF[7]_inst_i_1_n_0
    SLICE_X0Y25          CARRY4 (Prop_carry4_CI_CO[3])
                                                      0.114     4.041 r  SUM_OBUF[11]_inst_i_1/CO[3]
                         net (fo=1, routed)           0.000     4.041    SUM_OBUF[11]_inst_i_1_n_0
    SLICE_X0Y26          CARRY4 (Prop_carry4_CI_O[2])
                                                      0.239     4.280 r  SUM_OBUF[15]_inst_i_1/O[2]
                         net (fo=1, routed)           2.300     6.579    SUM_OBUF[14]
    G18                  OBUF (Prop_obuf_I_O)         2.794     9.374 r  SUM_OBUF[14]_inst/O
                         net (fo=0)                   0.000     9.374    SUM[14]
    G18                                                               r  SUM[14] (OUT)
  -------------------------------------------------------------------    -------------------

Slack:                    inf
  Source:                 A[0]
                            (input port)
  Destination:            SUM[12]
                            (output port)
  Path Group:             (none)
  Path Type:              Max at Slow Process Corner
  Data Path Delay:        9.334ns  (logic 4.846ns (51.915%)  route 4.488ns (48.085%))
  Logic Levels:           7  (CARRY4=4 IBUF=1 LUT2=1 OBUF=1)

    Location             Delay type                Incr(ns)  Path(ns)    Netlist Resource(s)
  -------------------------------------------------------------------    -------------------
    U14                                               0.000     0.000 r  A[0] (IN)
                         net (fo=0)                   0.000     0.000    A[0]
    U14                  IBUF (Prop_ibuf_I_O)         0.936     0.936 r  A_IBUF[0]_inst/O
                         net (fo=2, routed)           2.211     3.148    A_IBUF[0]
    SLICE_X0Y23          LUT2 (Prop_lut2_I0_O)        0.124     3.272 r  SUM_OBUF[3]_inst_i_5/O
                         net (fo=1, routed)           0.000     3.272    SUM_OBUF[3]_inst_i_5_n_0
    SLICE_X0Y23          CARRY4 (Prop_carry4_S[0]_CO[3])
                                                      0.532     3.804 r  SUM_OBUF[3]_inst_i_1/CO[3]
                         net (fo=1, routed)           0.000     3.804    SUM_OBUF[3]_inst_i_1_n_0
    SLICE_X0Y24          CARRY4 (Prop_carry4_CI_CO[3])
                                                      0.114     3.918 r  SUM_OBUF[7]_inst_i_1/CO[3]
                         net (fo=1, routed)           0.009     3.927    SUM_OBUF[7]_inst_i_1_n_0
    SLICE_X0Y25          CARRY4 (Prop_carry4_CI_CO[3])
                                                      0.114     4.041 r  SUM_OBUF[11]_inst_i_1/CO[3]
                         net (fo=1, routed)           0.000     4.041    SUM_OBUF[11]_inst_i_1_n_0
    SLICE_X0Y26          CARRY4 (Prop_carry4_CI_O[0])
                                                      0.222     4.263 r  SUM_OBUF[15]_inst_i_1/O[0]
                         net (fo=1, routed)           2.268     6.530    SUM_OBUF[12]
    E18                  OBUF (Prop_obuf_I_O)         2.803     9.334 r  SUM_OBUF[12]_inst/O
                         net (fo=0)                   0.000     9.334    SUM[12]
    E18                                                               r  SUM[12] (OUT)
  -------------------------------------------------------------------    -------------------

Slack:                    inf
  Source:                 A[0]
                            (input port)
  Destination:            SUM[10]
                            (output port)
  Path Group:             (none)
  Path Type:              Max at Slow Process Corner
  Data Path Delay:        9.205ns  (logic 4.736ns (51.448%)  route 4.469ns (48.552%))
  Logic Levels:           6  (CARRY4=3 IBUF=1 LUT2=1 OBUF=1)

    Location             Delay type                Incr(ns)  Path(ns)    Netlist Resource(s)
  -------------------------------------------------------------------    -------------------
    U14                                               0.000     0.000 r  A[0] (IN)
                         net (fo=0)                   0.000     0.000    A[0]
    U14                  IBUF (Prop_ibuf_I_O)         0.936     0.936 r  A_IBUF[0]_inst/O
                         net (fo=2, routed)           2.211     3.148    A_IBUF[0]
    SLICE_X0Y23          LUT2 (Prop_lut2_I0_O)        0.124     3.272 r  SUM_OBUF[3]_inst_i_5/O
                         net (fo=1, routed)           0.000     3.272    SUM_OBUF[3]_inst_i_5_n_0
    SLICE_X0Y23          CARRY4 (Prop_carry4_S[0]_CO[3])
                                                      0.532     3.804 r  SUM_OBUF[3]_inst_i_1/CO[3]
                         net (fo=1, routed)           0.000     3.804    SUM_OBUF[3]_inst_i_1_n_0
    SLICE_X0Y24          CARRY4 (Prop_carry4_CI_CO[3])
                                                      0.114     3.918 r  SUM_OBUF[7]_inst_i_1/CO[3]
                         net (fo=1, routed)           0.009     3.927    SUM_OBUF[7]_inst_i_1_n_0
    SLICE_X0Y25          CARRY4 (Prop_carry4_CI_O[2])
                                                      0.239     4.166 r  SUM_OBUF[11]_inst_i_1/O[2]
                         net (fo=1, routed)           2.249     6.414    SUM_OBUF[10]
    H19                  OBUF (Prop_obuf_I_O)         2.790     9.205 r  SUM_OBUF[10]_inst/O
                         net (fo=0)                   0.000     9.205    SUM[10]
    H19                                                               r  SUM[10] (OUT)
  -------------------------------------------------------------------    -------------------

Slack:                    inf
  Source:                 A[0]
                            (input port)
  Destination:            SUM[9]
                            (output port)
  Path Group:             (none)
  Path Type:              Max at Slow Process Corner
  Data Path Delay:        9.180ns  (logic 4.836ns (52.683%)  route 4.343ns (47.317%))
  Logic Levels:           6  (CARRY4=3 IBUF=1 LUT2=1 OBUF=1)

    Location             Delay type                Incr(ns)  Path(ns)    Netlist Resource(s)
  -------------------------------------------------------------------    -------------------
    U14                                               0.000     0.000 r  A[0] (IN)
                         net (fo=0)                   0.000     0.000    A[0]
    U14                  IBUF (Prop_ibuf_I_O)         0.936     0.936 r  A_IBUF[0]_inst/O
                         net (fo=2, routed)           2.211     3.148    A_IBUF[0]
    SLICE_X0Y23          LUT2 (Prop_lut2_I0_O)        0.124     3.272 r  SUM_OBUF[3]_inst_i_5/O
                         net (fo=1, routed)           0.000     3.272    SUM_OBUF[3]_inst_i_5_n_0
    SLICE_X0Y23          CARRY4 (Prop_carry4_S[0]_CO[3])
                                                      0.532     3.804 r  SUM_OBUF[3]_inst_i_1/CO[3]
                         net (fo=1, routed)           0.000     3.804    SUM_OBUF[3]_inst_i_1_n_0
    SLICE_X0Y24          CARRY4 (Prop_carry4_CI_CO[3])
                                                      0.114     3.918 r  SUM_OBUF[7]_inst_i_1/CO[3]
                         net (fo=1, routed)           0.009     3.927    SUM_OBUF[7]_inst_i_1_n_0
    SLICE_X0Y25          CARRY4 (Prop_carry4_CI_O[1])
                                                      0.334     4.261 r  SUM_OBUF[11]_inst_i_1/O[1]
                         net (fo=1, routed)           2.123     6.384    SUM_OBUF[9]
    G19                  OBUF (Prop_obuf_I_O)         2.796     9.180 r  SUM_OBUF[9]_inst/O
                         net (fo=0)                   0.000     9.180    SUM[9]
    G19                                                               r  SUM[9] (OUT)
  -------------------------------------------------------------------    -------------------

Slack:                    inf
  Source:                 A[0]
                            (input port)
  Destination:            SUM[11]
                            (output port)
  Path Group:             (none)
  Path Type:              Max at Slow Process Corner
  Data Path Delay:        9.168ns  (logic 4.824ns (52.617%)  route 4.344ns (47.383%))
  Logic Levels:           6  (CARRY4=3 IBUF=1 LUT2=1 OBUF=1)

    Location             Delay type                Incr(ns)  Path(ns)    Netlist Resource(s)
  -------------------------------------------------------------------    -------------------
    U14                                               0.000     0.000 r  A[0] (IN)
                         net (fo=0)                   0.000     0.000    A[0]
    U14                  IBUF (Prop_ibuf_I_O)         0.936     0.936 r  A_IBUF[0]_inst/O
                         net (fo=2, routed)           2.211     3.148    A_IBUF[0]
    SLICE_X0Y23          LUT2 (Prop_lut2_I0_O)        0.124     3.272 r  SUM_OBUF[3]_inst_i_5/O
                         net (fo=1, routed)           0.000     3.272    SUM_OBUF[3]_inst_i_5_n_0
    SLICE_X0Y23          CARRY4 (Prop_carry4_S[0]_CO[3])
                                                      0.532     3.804 r  SUM_OBUF[3]_inst_i_1/CO[3]
                         net (fo=1, routed)           0.000     3.804    SUM_OBUF[3]_inst_i_1_n_0
    SLICE_X0Y24          CARRY4 (Prop_carry4_CI_CO[3])
                                                      0.114     3.918 r  SUM_OBUF[7]_inst_i_1/CO[3]
                         net (fo=1, routed)           0.009     3.927    SUM_OBUF[7]_inst_i_1_n_0
    SLICE_X0Y25          CARRY4 (Prop_carry4_CI_O[3])
                                                      0.313     4.240 r  SUM_OBUF[11]_inst_i_1/O[3]
                         net (fo=1, routed)           2.124     6.364    SUM_OBUF[11]
    E19                  OBUF (Prop_obuf_I_O)         2.805     9.168 r  SUM_OBUF[11]_inst/O
                         net (fo=0)                   0.000     9.168    SUM[11]
    E19                                                               r  SUM[11] (OUT)
  -------------------------------------------------------------------    -------------------

Slack:                    inf
  Source:                 A[0]
                            (input port)
  Destination:            SUM[7]
                            (output port)
  Path Group:             (none)
  Path Type:              Max at Slow Process Corner
  Data Path Delay:        9.069ns  (logic 4.709ns (51.929%)  route 4.360ns (48.071%))
  Logic Levels:           5  (CARRY4=2 IBUF=1 LUT2=1 OBUF=1)

    Location             Delay type                Incr(ns)  Path(ns)    Netlist Resource(s)
  -------------------------------------------------------------------    -------------------
    U14                                               0.000     0.000 r  A[0] (IN)
                         net (fo=0)                   0.000     0.000    A[0]
    U14                  IBUF (Prop_ibuf_I_O)         0.936     0.936 r  A_IBUF[0]_inst/O
                         net (fo=2, routed)           2.211     3.148    A_IBUF[0]
    SLICE_X0Y23          LUT2 (Prop_lut2_I0_O)        0.124     3.272 r  SUM_OBUF[3]_inst_i_5/O
                         net (fo=1, routed)           0.000     3.272    SUM_OBUF[3]_inst_i_5_n_0
    SLICE_X0Y23          CARRY4 (Prop_carry4_S[0]_CO[3])
                                                      0.532     3.804 r  SUM_OBUF[3]_inst_i_1/CO[3]
                         net (fo=1, routed)           0.000     3.804    SUM_OBUF[3]_inst_i_1_n_0
    SLICE_X0Y24          CARRY4 (Prop_carry4_CI_O[3])
                                                      0.313     4.117 r  SUM_OBUF[7]_inst_i_1/O[3]
                         net (fo=1, routed)           2.148     6.265    SUM_OBUF[7]
    G17                  OBUF (Prop_obuf_I_O)         2.804     9.069 r  SUM_OBUF[7]_inst/O
                         net (fo=0)                   0.000     9.069    SUM[7]
    G17                                                               r  SUM[7] (OUT)
  -------------------------------------------------------------------    -------------------

Slack:                    inf
  Source:                 A[0]
                            (input port)
  Destination:            SUM[8]
                            (output port)
  Path Group:             (none)
  Path Type:              Max at Slow Process Corner
  Data Path Delay:        9.050ns  (logic 4.702ns (51.954%)  route 4.348ns (48.046%))
  Logic Levels:           6  (CARRY4=3 IBUF=1 LUT2=1 OBUF=1)

    Location             Delay type                Incr(ns)  Path(ns)    Netlist Resource(s)
  -------------------------------------------------------------------    -------------------
    U14                                               0.000     0.000 r  A[0] (IN)
                         net (fo=0)                   0.000     0.000    A[0]
    U14                  IBUF (Prop_ibuf_I_O)         0.936     0.936 r  A_IBUF[0]_inst/O
                         net (fo=2, routed)           2.211     3.148    A_IBUF[0]
    SLICE_X0Y23          LUT2 (Prop_lut2_I0_O)        0.124     3.272 r  SUM_OBUF[3]_inst_i_5/O
                         net (fo=1, routed)           0.000     3.272    SUM_OBUF[3]_inst_i_5_n_0
    SLICE_X0Y23          CARRY4 (Prop_carry4_S[0]_CO[3])
                                                      0.532     3.804 r  SUM_OBUF[3]_inst_i_1/CO[3]
                         net (fo=1, routed)           0.000     3.804    SUM_OBUF[3]_inst_i_1_n_0
    SLICE_X0Y24          CARRY4 (Prop_carry4_CI_CO[3])
                                                      0.114     3.918 r  SUM_OBUF[7]_inst_i_1/CO[3]
                         net (fo=1, routed)           0.009     3.927    SUM_OBUF[7]_inst_i_1_n_0
    SLICE_X0Y25          CARRY4 (Prop_carry4_CI_O[0])
                                                      0.222     4.149 r  SUM_OBUF[11]_inst_i_1/O[0]
                         net (fo=1, routed)           2.128     6.276    SUM_OBUF[8]
    H17                  OBUF (Prop_obuf_I_O)         2.773     9.050 r  SUM_OBUF[8]_inst/O
                         net (fo=0)                   0.000     9.050    SUM[8]
    H17                                                               r  SUM[8] (OUT)
  -------------------------------------------------------------------    -------------------

Slack:                    inf
  Source:                 A[0]
                            (input port)
  Destination:            SUM[5]
                            (output port)
  Path Group:             (none)
  Path Type:              Max at Slow Process Corner
  Data Path Delay:        9.036ns  (logic 4.722ns (52.262%)  route 4.314ns (47.738%))
  Logic Levels:           5  (CARRY4=2 IBUF=1 LUT2=1 OBUF=1)

    Location             Delay type                Incr(ns)  Path(ns)    Netlist Resource(s)
  -------------------------------------------------------------------    -------------------
    U14                                               0.000     0.000 r  A[0] (IN)
                         net (fo=0)                   0.000     0.000    A[0]
    U14                  IBUF (Prop_ibuf_I_O)         0.936     0.936 r  A_IBUF[0]_inst/O
                         net (fo=2, routed)           2.211     3.148    A_IBUF[0]
    SLICE_X0Y23          LUT2 (Prop_lut2_I0_O)        0.124     3.272 r  SUM_OBUF[3]_inst_i_5/O
                         net (fo=1, routed)           0.000     3.272    SUM_OBUF[3]_inst_i_5_n_0
    SLICE_X0Y23          CARRY4 (Prop_carry4_S[0]_CO[3])
                                                      0.532     3.804 r  SUM_OBUF[3]_inst_i_1/CO[3]
                         net (fo=1, routed)           0.000     3.804    SUM_OBUF[3]_inst_i_1_n_0
    SLICE_X0Y24          CARRY4 (Prop_carry4_CI_O[1])
                                                      0.334     4.138 r  SUM_OBUF[7]_inst_i_1/O[1]
                         net (fo=1, routed)           2.102     6.240    SUM_OBUF[5]
    J19                  OBUF (Prop_obuf_I_O)         2.796     9.036 r  SUM_OBUF[5]_inst/O
                         net (fo=0)                   0.000     9.036    SUM[5]
    J19                                                               r  SUM[5] (OUT)
  -------------------------------------------------------------------    -------------------





Min Delay Paths
--------------------------------------------------------------------------------------
Slack:                    inf
  Source:                 B[0]
                            (input port)
  Destination:            SUM[0]
                            (output port)
  Path Group:             (none)
  Path Type:              Min at Fast Process Corner
  Data Path Delay:        2.389ns  (logic 1.448ns (60.602%)  route 0.941ns (39.398%))
  Logic Levels:           4  (CARRY4=1 IBUF=1 LUT2=1 OBUF=1)

    Location             Delay type                Incr(ns)  Path(ns)    Netlist Resource(s)
  -------------------------------------------------------------------    -------------------
    T17                                               0.000     0.000 r  B[0] (IN)
                         net (fo=0)                   0.000     0.000    B[0]
    T17                  IBUF (Prop_ibuf_I_O)         0.165     0.165 r  B_IBUF[0]_inst/O
                         net (fo=1, routed)           0.471     0.636    B_IBUF[0]
    SLICE_X0Y23          LUT2 (Prop_lut2_I1_O)        0.045     0.681 r  SUM_OBUF[3]_inst_i_5/O
                         net (fo=1, routed)           0.000     0.681    SUM_OBUF[3]_inst_i_5_n_0
    SLICE_X0Y23          CARRY4 (Prop_carry4_S[0]_O[0])
                                                      0.070     0.751 r  SUM_OBUF[3]_inst_i_1/O[0]
                         net (fo=1, routed)           0.471     1.221    SUM_OBUF[0]
    N18                  OBUF (Prop_obuf_I_O)         1.168     2.389 r  SUM_OBUF[0]_inst/O
                         net (fo=0)                   0.000     2.389    SUM[0]
    N18                                                               r  SUM[0] (OUT)
  -------------------------------------------------------------------    -------------------

Slack:                    inf
  Source:                 B[10]
                            (input port)
  Destination:            SUM[10]
                            (output port)
  Path Group:             (none)
  Path Type:              Min at Fast Process Corner
  Data Path Delay:        2.406ns  (logic 1.493ns (62.057%)  route 0.913ns (37.943%))
  Logic Levels:           4  (CARRY4=1 IBUF=1 LUT2=1 OBUF=1)

    Location             Delay type                Incr(ns)  Path(ns)    Netlist Resource(s)
  -------------------------------------------------------------------    -------------------
    L17                                               0.000     0.000 r  B[10] (IN)
                         net (fo=0)                   0.000     0.000    B[10]
    L17                  IBUF (Prop_ibuf_I_O)         0.190     0.190 r  B_IBUF[10]_inst/O
                         net (fo=1, routed)           0.334     0.524    B_IBUF[10]
    SLICE_X0Y25          LUT2 (Prop_lut2_I1_O)        0.045     0.569 r  SUM_OBUF[11]_inst_i_3/O
                         net (fo=1, routed)           0.000     0.569    SUM_OBUF[11]_inst_i_3_n_0
    SLICE_X0Y25          CARRY4 (Prop_carry4_S[2]_O[2])
                                                      0.066     0.635 r  SUM_OBUF[11]_inst_i_1/O[2]
                         net (fo=1, routed)           0.579     1.214    SUM_OBUF[10]
    H19                  OBUF (Prop_obuf_I_O)         1.192     2.406 r  SUM_OBUF[10]_inst/O
                         net (fo=0)                   0.000     2.406    SUM[10]
    H19                                                               r  SUM[10] (OUT)
  -------------------------------------------------------------------    -------------------

Slack:                    inf
  Source:                 B[10]
                            (input port)
  Destination:            SUM[11]
                            (output port)
  Path Group:             (none)
  Path Type:              Min at Fast Process Corner
  Data Path Delay:        2.411ns  (logic 1.539ns (63.823%)  route 0.872ns (36.177%))
  Logic Levels:           4  (CARRY4=1 IBUF=1 LUT2=1 OBUF=1)

    Location             Delay type                Incr(ns)  Path(ns)    Netlist Resource(s)
  -------------------------------------------------------------------    -------------------
    L17                                               0.000     0.000 r  B[10] (IN)
                         net (fo=0)                   0.000     0.000    B[10]
    L17                  IBUF (Prop_ibuf_I_O)         0.190     0.190 r  B_IBUF[10]_inst/O
                         net (fo=1, routed)           0.334     0.524    B_IBUF[10]
    SLICE_X0Y25          LUT2 (Prop_lut2_I1_O)        0.045     0.569 r  SUM_OBUF[11]_inst_i_3/O
                         net (fo=1, routed)           0.000     0.569    SUM_OBUF[11]_inst_i_3_n_0
    SLICE_X0Y25          CARRY4 (Prop_carry4_S[2]_O[3])
                                                      0.099     0.668 r  SUM_OBUF[11]_inst_i_1/O[3]
                         net (fo=1, routed)           0.538     1.206    SUM_OBUF[11]
    E19                  OBUF (Prop_obuf_I_O)         1.205     2.411 r  SUM_OBUF[11]_inst/O
                         net (fo=0)                   0.000     2.411    SUM[11]
    E19                                                               r  SUM[11] (OUT)
  -------------------------------------------------------------------    -------------------

Slack:                    inf
  Source:                 B[1]
                            (input port)
  Destination:            SUM[1]
                            (output port)
  Path Group:             (none)
  Path Type:              Min at Fast Process Corner
  Data Path Delay:        2.421ns  (logic 1.466ns (60.572%)  route 0.954ns (39.428%))
  Logic Levels:           4  (CARRY4=1 IBUF=1 LUT2=1 OBUF=1)

    Location             Delay type                Incr(ns)  Path(ns)    Netlist Resource(s)
  -------------------------------------------------------------------    -------------------
    W19                                               0.000     0.000 r  B[1] (IN)
                         net (fo=0)                   0.000     0.000    B[1]
    W19                  IBUF (Prop_ibuf_I_O)         0.165     0.165 r  B_IBUF[1]_inst/O
                         net (fo=1, routed)           0.479     0.644    B_IBUF[1]
    SLICE_X0Y23          LUT2 (Prop_lut2_I1_O)        0.045     0.689 r  SUM_OBUF[3]_inst_i_4/O
                         net (fo=1, routed)           0.000     0.689    SUM_OBUF[3]_inst_i_4_n_0
    SLICE_X0Y23          CARRY4 (Prop_carry4_S[1]_O[1])
                                                      0.065     0.754 r  SUM_OBUF[3]_inst_i_1/O[1]
                         net (fo=1, routed)           0.476     1.230    SUM_OBUF[1]
    K18                  OBUF (Prop_obuf_I_O)         1.191     2.421 r  SUM_OBUF[1]_inst/O
                         net (fo=0)                   0.000     2.421    SUM[1]
    K18                                                               r  SUM[1] (OUT)
  -------------------------------------------------------------------    -------------------

Slack:                    inf
  Source:                 B[9]
                            (input port)
  Destination:            SUM[9]
                            (output port)
  Path Group:             (none)
  Path Type:              Min at Fast Process Corner
  Data Path Delay:        2.430ns  (logic 1.502ns (61.804%)  route 0.928ns (38.196%))
  Logic Levels:           4  (CARRY4=1 IBUF=1 LUT2=1 OBUF=1)

    Location             Delay type                Incr(ns)  Path(ns)    Netlist Resource(s)
  -------------------------------------------------------------------    -------------------
    K17                                               0.000     0.000 r  B[9] (IN)
                         net (fo=0)                   0.000     0.000    B[9]
    K17                  IBUF (Prop_ibuf_I_O)         0.196     0.196 r  B_IBUF[9]_inst/O
                         net (fo=1, routed)           0.396     0.592    B_IBUF[9]
    SLICE_X0Y25          LUT2 (Prop_lut2_I1_O)        0.045     0.637 r  SUM_OBUF[11]_inst_i_4/O
                         net (fo=1, routed)           0.000     0.637    SUM_OBUF[11]_inst_i_4_n_0
    SLICE_X0Y25          CARRY4 (Prop_carry4_S[1]_O[1])
                                                      0.065     0.702 r  SUM_OBUF[11]_inst_i_1/O[1]
                         net (fo=1, routed)           0.532     1.234    SUM_OBUF[9]
    G19                  OBUF (Prop_obuf_I_O)         1.196     2.430 r  SUM_OBUF[9]_inst/O
                         net (fo=0)                   0.000     2.430    SUM[9]
    G19                                                               r  SUM[9] (OUT)
  -------------------------------------------------------------------    -------------------

Slack:                    inf
  Source:                 B[8]
                            (input port)
  Destination:            SUM[8]
                            (output port)
  Path Group:             (none)
  Path Type:              Min at Fast Process Corner
  Data Path Delay:        2.431ns  (logic 1.444ns (59.415%)  route 0.987ns (40.585%))
  Logic Levels:           4  (CARRY4=1 IBUF=1 LUT2=1 OBUF=1)

    Location             Delay type                Incr(ns)  Path(ns)    Netlist Resource(s)
  -------------------------------------------------------------------    -------------------
    N17                                               0.000     0.000 r  B[8] (IN)
                         net (fo=0)                   0.000     0.000    B[8]
    N17                  IBUF (Prop_ibuf_I_O)         0.152     0.152 r  B_IBUF[8]_inst/O
                         net (fo=1, routed)           0.460     0.612    B_IBUF[8]
    SLICE_X0Y25          LUT2 (Prop_lut2_I1_O)        0.045     0.657 r  SUM_OBUF[11]_inst_i_5/O
                         net (fo=1, routed)           0.000     0.657    SUM_OBUF[11]_inst_i_5_n_0
    SLICE_X0Y25          CARRY4 (Prop_carry4_S[0]_O[0])
                                                      0.070     0.727 r  SUM_OBUF[11]_inst_i_1/O[0]
                         net (fo=1, routed)           0.527     1.254    SUM_OBUF[8]
    H17                  OBUF (Prop_obuf_I_O)         1.178     2.431 r  SUM_OBUF[8]_inst/O
                         net (fo=0)                   0.000     2.431    SUM[8]
    H17                                                               r  SUM[8] (OUT)
  -------------------------------------------------------------------    -------------------

Slack:                    inf
  Source:                 B[4]
                            (input port)
  Destination:            SUM[4]
                            (output port)
  Path Group:             (none)
  Path Type:              Min at Fast Process Corner
  Data Path Delay:        2.434ns  (logic 1.468ns (60.319%)  route 0.966ns (39.681%))
  Logic Levels:           4  (CARRY4=1 IBUF=1 LUT2=1 OBUF=1)

    Location             Delay type                Incr(ns)  Path(ns)    Netlist Resource(s)
  -------------------------------------------------------------------    -------------------
    U19                                               0.000     0.000 r  B[4] (IN)
                         net (fo=0)                   0.000     0.000    B[4]
    U19                  IBUF (Prop_ibuf_I_O)         0.160     0.160 r  B_IBUF[4]_inst/O
                         net (fo=1, routed)           0.435     0.596    B_IBUF[4]
    SLICE_X0Y24          LUT2 (Prop_lut2_I1_O)        0.045     0.641 r  SUM_OBUF[7]_inst_i_5/O
                         net (fo=1, routed)           0.000     0.641    SUM_OBUF[7]_inst_i_5_n_0
    SLICE_X0Y24          CARRY4 (Prop_carry4_S[0]_O[0])
                                                      0.070     0.711 r  SUM_OBUF[7]_inst_i_1/O[0]
                         net (fo=1, routed)           0.530     1.241    SUM_OBUF[4]
    J17                  OBUF (Prop_obuf_I_O)         1.193     2.434 r  SUM_OBUF[4]_inst/O
                         net (fo=0)                   0.000     2.434    SUM[4]
    J17                                                               r  SUM[4] (OUT)
  -------------------------------------------------------------------    -------------------

Slack:                    inf
  Source:                 B[14]
                            (input port)
  Destination:            SUM[14]
                            (output port)
  Path Group:             (none)
  Path Type:              Min at Fast Process Corner
  Data Path Delay:        2.452ns  (logic 1.463ns (59.676%)  route 0.989ns (40.324%))
  Logic Levels:           4  (CARRY4=1 IBUF=1 LUT2=1 OBUF=1)

    Location             Delay type                Incr(ns)  Path(ns)    Netlist Resource(s)
  -------------------------------------------------------------------    -------------------
    P19                                               0.000     0.000 r  B[14] (IN)
                         net (fo=0)                   0.000     0.000    B[14]
    P19                  IBUF (Prop_ibuf_I_O)         0.156     0.156 r  B_IBUF[14]_inst/O
                         net (fo=1, routed)           0.386     0.542    B_IBUF[14]
    SLICE_X0Y26          LUT2 (Prop_lut2_I1_O)        0.045     0.587 r  SUM_OBUF[15]_inst_i_3/O
                         net (fo=1, routed)           0.000     0.587    SUM_OBUF[15]_inst_i_3_n_0
    SLICE_X0Y26          CARRY4 (Prop_carry4_S[2]_O[2])
                                                      0.066     0.653 r  SUM_OBUF[15]_inst_i_1/O[2]
                         net (fo=1, routed)           0.603     1.256    SUM_OBUF[14]
    G18                  OBUF (Prop_obuf_I_O)         1.196     2.452 r  SUM_OBUF[14]_inst/O
                         net (fo=0)                   0.000     2.452    SUM[14]
    G18                                                               r  SUM[14] (OUT)
  -------------------------------------------------------------------    -------------------

Slack:                    inf
  Source:                 B[4]
                            (input port)
  Destination:            SUM[5]
                            (output port)
  Path Group:             (none)
  Path Type:              Min at Fast Process Corner
  Data Path Delay:        2.479ns  (logic 1.507ns (60.804%)  route 0.972ns (39.196%))
  Logic Levels:           4  (CARRY4=1 IBUF=1 LUT2=1 OBUF=1)

    Location             Delay type                Incr(ns)  Path(ns)    Netlist Resource(s)
  -------------------------------------------------------------------    -------------------
    U19                                               0.000     0.000 r  B[4] (IN)
                         net (fo=0)                   0.000     0.000    B[4]
    U19                  IBUF (Prop_ibuf_I_O)         0.160     0.160 r  B_IBUF[4]_inst/O
                         net (fo=1, routed)           0.435     0.596    B_IBUF[4]
    SLICE_X0Y24          LUT2 (Prop_lut2_I1_O)        0.045     0.641 r  SUM_OBUF[7]_inst_i_5/O
                         net (fo=1, routed)           0.000     0.641    SUM_OBUF[7]_inst_i_5_n_0
    SLICE_X0Y24          CARRY4 (Prop_carry4_S[0]_O[1])
                                                      0.106     0.747 r  SUM_OBUF[7]_inst_i_1/O[1]
                         net (fo=1, routed)           0.536     1.283    SUM_OBUF[5]
    J19                  OBUF (Prop_obuf_I_O)         1.196     2.479 r  SUM_OBUF[5]_inst/O
                         net (fo=0)                   0.000     2.479    SUM[5]
    J19                                                               r  SUM[5] (OUT)
  -------------------------------------------------------------------    -------------------

Slack:                    inf
  Source:                 B[3]
                            (input port)
  Destination:            SUM[3]
                            (output port)
  Path Group:             (none)
  Path Type:              Min at Fast Process Corner
  Data Path Delay:        2.492ns  (logic 1.476ns (59.218%)  route 1.016ns (40.782%))
  Logic Levels:           4  (CARRY4=1 IBUF=1 LUT2=1 OBUF=1)

    Location             Delay type                Incr(ns)  Path(ns)    Netlist Resource(s)
  -------------------------------------------------------------------    -------------------
    V19                                               0.000     0.000 r  B[3] (IN)
                         net (fo=0)                   0.000     0.000    B[3]
    V19                  IBUF (Prop_ibuf_I_O)         0.168     0.168 r  B_IBUF[3]_inst/O
                         net (fo=1, routed)           0.533     0.701    B_IBUF[3]
    SLICE_X0Y23          LUT2 (Prop_lut2_I1_O)        0.045     0.746 r  SUM_OBUF[3]_inst_i_2/O
                         net (fo=1, routed)           0.000     0.746    SUM_OBUF[3]_inst_i_2_n_0
    SLICE_X0Y23          CARRY4 (Prop_carry4_S[3]_O[3])
                                                      0.063     0.809 r  SUM_OBUF[3]_inst_i_1/O[3]
                         net (fo=1, routed)           0.484     1.293    SUM_OBUF[3]
    J18                  OBUF (Prop_obuf_I_O)         1.200     2.492 r  SUM_OBUF[3]_inst/O
                         net (fo=0)                   0.000     2.492    SUM[3]
    J18                                                               r  SUM[3] (OUT)
  -------------------------------------------------------------------    -------------------





