Copyright 1986-2022 Xilinx, Inc. All Rights Reserved. Copyright 2022-2025 Advanced Micro Devices, Inc. All Rights Reserved.
---------------------------------------------------------------------------------------------------------------------------------------------
| Tool Version : Vivado v.2025.2 (win64) Build 6299465 Fri Nov 14 19:35:11 GMT 2025
| Date         : Tue Apr  7 12:42:16 2026
| Host         : LuckyJason running 64-bit major release  (build 9200)
| Command      : report_control_sets -verbose -file datapath_control_sets_placed.rpt
| Design       : datapath
| Device       : xc7a35t
---------------------------------------------------------------------------------------------------------------------------------------------

Control Set Information

Table of Contents
-----------------
1. Summary
2. Histogram
3. Flip-Flop Distribution
4. Detailed Control Set Information

1. Summary
----------

+----------------------------------------------------------+-------+
|                          Status                          | Count |
+----------------------------------------------------------+-------+
| Total control sets                                       |   258 |
|    Minimum number of control sets                        |   258 |
|    Addition due to synthesis replication                 |     0 |
|    Addition due to physical synthesis replication        |     0 |
| Unused register locations in slices containing registers |     0 |
+----------------------------------------------------------+-------+
* Control sets can be merged at opt_design using control_set_merge or merge_equivalent_drivers
** Run report_qor_suggestions for automated merging and remapping suggestions


2. Histogram
------------

+--------------------+-------+
|       Fanout       | Count |
+--------------------+-------+
| Total control sets |   258 |
| >= 0 to < 4        |     0 |
| >= 4 to < 6        |     0 |
| >= 6 to < 8        |     0 |
| >= 8 to < 10       |   256 |
| >= 10 to < 12      |     0 |
| >= 12 to < 14      |     0 |
| >= 14 to < 16      |     0 |
| >= 16              |     2 |
+--------------------+-------+
* Control sets can be remapped at either synth_design or opt_design


3. Flip-Flop Distribution
-------------------------

+--------------+-----------------------+------------------------+-----------------+--------------+
| Clock Enable | Synchronous Set/Reset | Asynchronous Set/Reset | Total Registers | Total Slices |
+--------------+-----------------------+------------------------+-----------------+--------------+
| No           | No                    | No                     |               0 |            0 |
| No           | No                    | Yes                    |               0 |            0 |
| No           | Yes                   | No                     |              16 |            4 |
| Yes          | No                    | No                     |            2048 |          966 |
| Yes          | No                    | Yes                    |               0 |            0 |
| Yes          | Yes                   | No                     |               0 |            0 |
+--------------+-----------------------+------------------------+-----------------+--------------+


4. Detailed Control Set Information
-----------------------------------

+----------------+---------------------------------+------------------+------------------+----------------+--------------+
|  Clock Signal  |          Enable Signal          | Set/Reset Signal | Slice Load Count | Bel Load Count | Bels / Slice |
+----------------+---------------------------------+------------------+------------------+----------------+--------------+
|  clk_IBUF_BUFG | registers/mem[127][7]_i_3_3[0]  |                  |                5 |              8 |         1.60 |
|  clk_IBUF_BUFG | registers/mem[95][7]_i_3_8[0]   |                  |                2 |              8 |         4.00 |
|  clk_IBUF_BUFG | registers/mem[254][7]_i_4_0[0]  |                  |                5 |              8 |         1.60 |
|  clk_IBUF_BUFG | registers/mem[252][7]_i_4_1[0]  |                  |                3 |              8 |         2.67 |
|  clk_IBUF_BUFG | registers/mem[252][7]_i_4_0[0]  |                  |                3 |              8 |         2.67 |
|  clk_IBUF_BUFG | registers/mem[252][7]_i_4_2[0]  |                  |                5 |              8 |         1.60 |
|  clk_IBUF_BUFG | registers/E[0]                  |                  |                5 |              8 |         1.60 |
|  clk_IBUF_BUFG | registers/current_reg[3]_0[0]   |                  |                4 |              8 |         2.00 |
|  clk_IBUF_BUFG | registers/current_reg[2]_11[0]  |                  |                2 |              8 |         4.00 |
|  clk_IBUF_BUFG | registers/current_reg[2]_5[0]   |                  |                3 |              8 |         2.67 |
|  clk_IBUF_BUFG | registers/current_reg[3][0]     |                  |                3 |              8 |         2.67 |
|  clk_IBUF_BUFG | registers/current_reg[2]_6[0]   |                  |                3 |              8 |         2.67 |
|  clk_IBUF_BUFG | registers/current_reg[2]_2[0]   |                  |                2 |              8 |         4.00 |
|  clk_IBUF_BUFG | registers/current_reg[2]_10[0]  |                  |                3 |              8 |         2.67 |
|  clk_IBUF_BUFG | registers/current_reg[2]_8[0]   |                  |                6 |              8 |         1.33 |
|  clk_IBUF_BUFG | registers/current_reg[2][0]     |                  |                3 |              8 |         2.67 |
|  clk_IBUF_BUFG | registers/current_reg[2]_9[0]   |                  |                4 |              8 |         2.00 |
|  clk_IBUF_BUFG | registers/current_reg[2]_1[0]   |                  |                3 |              8 |         2.67 |
|  clk_IBUF_BUFG | registers/current_reg[2]_3[0]   |                  |                2 |              8 |         4.00 |
|  clk_IBUF_BUFG | registers/current_reg[2]_7[0]   |                  |                3 |              8 |         2.67 |
|  clk_IBUF_BUFG | registers/current_reg[2]_17[0]  |                  |                3 |              8 |         2.67 |
|  clk_IBUF_BUFG | registers/current_reg[2]_12[0]  |                  |                3 |              8 |         2.67 |
|  clk_IBUF_BUFG | registers/mem[127][7]_i_3_2[0]  |                  |                4 |              8 |         2.00 |
|  clk_IBUF_BUFG | registers/mem[127][7]_i_3_20[0] |                  |                3 |              8 |         2.67 |
|  clk_IBUF_BUFG | registers/mem[126][7]_i_3_10[0] |                  |                6 |              8 |         1.33 |
|  clk_IBUF_BUFG | registers/mem[126][7]_i_3_15[0] |                  |                3 |              8 |         2.67 |
|  clk_IBUF_BUFG | registers/mem[159][7]_i_3[0]    |                  |                3 |              8 |         2.67 |
|  clk_IBUF_BUFG | registers/mem[126][7]_i_3_11[0] |                  |                2 |              8 |         4.00 |
|  clk_IBUF_BUFG | registers/mem[127][7]_i_3_14[0] |                  |                3 |              8 |         2.67 |
|  clk_IBUF_BUFG | registers/mem[159][7]_i_3_13[0] |                  |                5 |              8 |         1.60 |
|  clk_IBUF_BUFG | registers/mem[126][7]_i_3_4[0]  |                  |                3 |              8 |         2.67 |
|  clk_IBUF_BUFG | registers/mem[126][7]_i_3_12[0] |                  |                2 |              8 |         4.00 |
|  clk_IBUF_BUFG | registers/mem[126][7]_i_3_9[0]  |                  |                3 |              8 |         2.67 |
|  clk_IBUF_BUFG | registers/mem[159][7]_i_3_14[0] |                  |                5 |              8 |         1.60 |
|  clk_IBUF_BUFG | registers/mem[159][7]_i_3_15[0] |                  |                5 |              8 |         1.60 |
|  clk_IBUF_BUFG | registers/mem[159][7]_i_3_16[0] |                  |                5 |              8 |         1.60 |
|  clk_IBUF_BUFG | registers/mem[126][7]_i_3_0[0]  |                  |                2 |              8 |         4.00 |
|  clk_IBUF_BUFG | registers/mem[127][7]_i_3_8[0]  |                  |                2 |              8 |         4.00 |
|  clk_IBUF_BUFG | registers/mem[126][7]_i_3_3[0]  |                  |                4 |              8 |         2.00 |
|  clk_IBUF_BUFG | registers/mem[126][7]_i_3_1[0]  |                  |                2 |              8 |         4.00 |
|  clk_IBUF_BUFG | registers/mem[127][7]_i_3_15[0] |                  |                4 |              8 |         2.00 |
|  clk_IBUF_BUFG | registers/mem[159][7]_i_3_11[0] |                  |                4 |              8 |         2.00 |
|  clk_IBUF_BUFG | registers/mem[127][7]_i_3_4[0]  |                  |                3 |              8 |         2.67 |
|  clk_IBUF_BUFG | registers/mem[159][7]_i_3_17[0] |                  |                4 |              8 |         2.00 |
|  clk_IBUF_BUFG | registers/mem[159][7]_i_3_18[0] |                  |                3 |              8 |         2.67 |
|  clk_IBUF_BUFG | registers/mem[159][7]_i_3_2[0]  |                  |                6 |              8 |         1.33 |
|  clk_IBUF_BUFG | registers/mem[159][7]_i_3_20[0] |                  |                5 |              8 |         1.60 |
|  clk_IBUF_BUFG | registers/mem[159][7]_i_3_19[0] |                  |                5 |              8 |         1.60 |
|  clk_IBUF_BUFG | registers/mem[159][7]_i_3_21[0] |                  |                5 |              8 |         1.60 |
|  clk_IBUF_BUFG | registers/mem[159][7]_i_3_3[0]  |                  |                5 |              8 |         1.60 |
|  clk_IBUF_BUFG | registers/mem[159][7]_i_3_4[0]  |                  |                3 |              8 |         2.67 |
|  clk_IBUF_BUFG | registers/mem[159][7]_i_3_5[0]  |                  |                2 |              8 |         4.00 |
|  clk_IBUF_BUFG | registers/mem[127][7]_i_3_0[0]  |                  |                3 |              8 |         2.67 |
|  clk_IBUF_BUFG | registers/mem[126][7]_i_3_8[0]  |                  |                4 |              8 |         2.00 |
|  clk_IBUF_BUFG | registers/mem[127][7]_i_3_1[0]  |                  |                3 |              8 |         2.67 |
|  clk_IBUF_BUFG | registers/mem[126][7]_i_3_2[0]  |                  |                3 |              8 |         2.67 |
|  clk_IBUF_BUFG | registers/mem[127][7]_i_3_12[0] |                  |                4 |              8 |         2.00 |
|  clk_IBUF_BUFG | registers/mem[127][7]_i_3_21[0] |                  |                3 |              8 |         2.67 |
|  clk_IBUF_BUFG | registers/mem[126][7]_i_3_13[0] |                  |                5 |              8 |         1.60 |
|  clk_IBUF_BUFG | registers/mem[127][7]_i_3_16[0] |                  |                4 |              8 |         2.00 |
|  clk_IBUF_BUFG | registers/mem[127][7]_i_3_7[0]  |                  |                5 |              8 |         1.60 |
|  clk_IBUF_BUFG | registers/mem[126][7]_i_3_6[0]  |                  |                5 |              8 |         1.60 |
|  clk_IBUF_BUFG | registers/mem[127][7]_i_3_10[0] |                  |                4 |              8 |         2.00 |
|  clk_IBUF_BUFG | registers/mem[127][7]_i_3_9[0]  |                  |                3 |              8 |         2.67 |
|  clk_IBUF_BUFG | registers/mem[62][7]_i_3_7[0]   |                  |                3 |              8 |         2.67 |
|  clk_IBUF_BUFG | registers/mem[127][7]_i_3[0]    |                  |                4 |              8 |         2.00 |
|  clk_IBUF_BUFG | registers/mem[159][7]_i_3_0[0]  |                  |                3 |              8 |         2.67 |
|  clk_IBUF_BUFG | registers/mem[159][7]_i_3_1[0]  |                  |                4 |              8 |         2.00 |
|  clk_IBUF_BUFG | registers/mem[159][7]_i_3_10[0] |                  |                4 |              8 |         2.00 |
|  clk_IBUF_BUFG | registers/mem[127][7]_i_3_11[0] |                  |                3 |              8 |         2.67 |
|  clk_IBUF_BUFG | registers/mem[126][7]_i_3_14[0] |                  |                3 |              8 |         2.67 |
|  clk_IBUF_BUFG | registers/mem[127][7]_i_3_17[0] |                  |                4 |              8 |         2.00 |
|  clk_IBUF_BUFG | registers/mem[127][7]_i_3_18[0] |                  |                4 |              8 |         2.00 |
|  clk_IBUF_BUFG | registers/mem[127][7]_i_3_5[0]  |                  |                3 |              8 |         2.67 |
|  clk_IBUF_BUFG | registers/mem[127][7]_i_3_6[0]  |                  |                4 |              8 |         2.00 |
|  clk_IBUF_BUFG | registers/mem[159][7]_i_3_12[0] |                  |                4 |              8 |         2.00 |
|  clk_IBUF_BUFG | registers/mem[127][7]_i_3_13[0] |                  |                4 |              8 |         2.00 |
|  clk_IBUF_BUFG | registers/mem[126][7]_i_3_5[0]  |                  |                2 |              8 |         4.00 |
|  clk_IBUF_BUFG | registers/mem[126][7]_i_3_7[0]  |                  |                4 |              8 |         2.00 |
|  clk_IBUF_BUFG | registers/mem[127][7]_i_3_19[0] |                  |                3 |              8 |         2.67 |
|  clk_IBUF_BUFG | registers/mem[223][7]_i_3_2[0]  |                  |                4 |              8 |         2.00 |
|  clk_IBUF_BUFG | registers/mem[191][7]_i_3_20[0] |                  |                4 |              8 |         2.00 |
|  clk_IBUF_BUFG | registers/mem[223][7]_i_3_1[0]  |                  |                3 |              8 |         2.67 |
|  clk_IBUF_BUFG | registers/mem[223][7]_i_3_17[0] |                  |                5 |              8 |         1.60 |
|  clk_IBUF_BUFG | registers/mem[191][7]_i_3_18[0] |                  |                7 |              8 |         1.14 |
|  clk_IBUF_BUFG | registers/mem[223][7]_i_3_20[0] |                  |                5 |              8 |         1.60 |
|  clk_IBUF_BUFG | registers/mem[223][7]_i_3[0]    |                  |                3 |              8 |         2.67 |
|  clk_IBUF_BUFG | registers/mem[223][7]_i_3_3[0]  |                  |                4 |              8 |         2.00 |
|  clk_IBUF_BUFG | registers/mem[159][7]_i_3_9[0]  |                  |                3 |              8 |         2.67 |
|  clk_IBUF_BUFG | registers/mem[191][7]_i_3[0]    |                  |                4 |              8 |         2.00 |
|  clk_IBUF_BUFG | registers/mem[191][7]_i_3_14[0] |                  |                3 |              8 |         2.67 |
|  clk_IBUF_BUFG | registers/mem[223][7]_i_3_19[0] |                  |                5 |              8 |         1.60 |
|  clk_IBUF_BUFG | registers/mem[223][7]_i_3_4[0]  |                  |                5 |              8 |         1.60 |
|  clk_IBUF_BUFG | registers/mem[190][7]_i_3_15[0] |                  |                4 |              8 |         2.00 |
|  clk_IBUF_BUFG | registers/mem[191][7]_i_3_7[0]  |                  |                5 |              8 |         1.60 |
|  clk_IBUF_BUFG | registers/mem[223][7]_i_3_6[0]  |                  |                4 |              8 |         2.00 |
|  clk_IBUF_BUFG | registers/mem[191][7]_i_3_17[0] |                  |                4 |              8 |         2.00 |
|  clk_IBUF_BUFG | registers/mem[191][7]_i_3_3[0]  |                  |                4 |              8 |         2.00 |
|  clk_IBUF_BUFG | registers/mem[223][7]_i_3_5[0]  |                  |                4 |              8 |         2.00 |
|  clk_IBUF_BUFG | registers/mem[190][7]_i_3_11[0] |                  |                3 |              8 |         2.67 |
|  clk_IBUF_BUFG | registers/mem[223][7]_i_3_7[0]  |                  |                5 |              8 |         1.60 |
|  clk_IBUF_BUFG | registers/mem[190][7]_i_3_2[0]  |                  |                2 |              8 |         4.00 |
|  clk_IBUF_BUFG | registers/mem[191][7]_i_3_8[0]  |                  |                7 |              8 |         1.14 |
|  clk_IBUF_BUFG | registers/mem[223][7]_i_3_10[0] |                  |                3 |              8 |         2.67 |
|  clk_IBUF_BUFG | registers/mem[223][7]_i_3_8[0]  |                  |                4 |              8 |         2.00 |
|  clk_IBUF_BUFG | registers/mem[190][7]_i_3_14[0] |                  |                4 |              8 |         2.00 |
|  clk_IBUF_BUFG | registers/mem[190][7]_i_3_3[0]  |                  |                2 |              8 |         4.00 |
|  clk_IBUF_BUFG | registers/mem[191][7]_i_3_10[0] |                  |                4 |              8 |         2.00 |
|  clk_IBUF_BUFG | registers/mem[191][7]_i_3_11[0] |                  |                5 |              8 |         1.60 |
|  clk_IBUF_BUFG | registers/mem[191][7]_i_3_6[0]  |                  |                3 |              8 |         2.67 |
|  clk_IBUF_BUFG | registers/mem[191][7]_i_3_9[0]  |                  |                4 |              8 |         2.00 |
|  clk_IBUF_BUFG | registers/mem[190][7]_i_3_13[0] |                  |                5 |              8 |         1.60 |
|  clk_IBUF_BUFG | registers/mem[191][7]_i_3_12[0] |                  |                5 |              8 |         1.60 |
|  clk_IBUF_BUFG | registers/mem[191][7]_i_3_5[0]  |                  |                3 |              8 |         2.67 |
|  clk_IBUF_BUFG | registers/mem[190][7]_i_3_9[0]  |                  |                3 |              8 |         2.67 |
|  clk_IBUF_BUFG | registers/mem[191][7]_i_3_21[0] |                  |                4 |              8 |         2.00 |
|  clk_IBUF_BUFG | registers/mem[191][7]_i_3_4[0]  |                  |                2 |              8 |         4.00 |
|  clk_IBUF_BUFG | registers/mem[191][7]_i_3_16[0] |                  |                3 |              8 |         2.67 |
|  clk_IBUF_BUFG | registers/mem[190][7]_i_3_6[0]  |                  |                3 |              8 |         2.67 |
|  clk_IBUF_BUFG | registers/mem[159][7]_i_3_6[0]  |                  |                4 |              8 |         2.00 |
|  clk_IBUF_BUFG | registers/mem[190][7]_i_3_7[0]  |                  |                3 |              8 |         2.67 |
|  clk_IBUF_BUFG | registers/mem[190][7]_i_3_1[0]  |                  |                1 |              8 |         8.00 |
|  clk_IBUF_BUFG | registers/mem[191][7]_i_3_2[0]  |                  |                5 |              8 |         1.60 |
|  clk_IBUF_BUFG | registers/mem[159][7]_i_3_8[0]  |                  |                3 |              8 |         2.67 |
|  clk_IBUF_BUFG | registers/mem[190][7]_i_3_12[0] |                  |                5 |              8 |         1.60 |
|  clk_IBUF_BUFG | registers/mem[223][7]_i_3_14[0] |                  |                4 |              8 |         2.00 |
|  clk_IBUF_BUFG | registers/mem[223][7]_i_3_15[0] |                  |                3 |              8 |         2.67 |
|  clk_IBUF_BUFG | registers/mem[223][7]_i_3_18[0] |                  |                3 |              8 |         2.67 |
|  clk_IBUF_BUFG | registers/mem[191][7]_i_3_13[0] |                  |                4 |              8 |         2.00 |
|  clk_IBUF_BUFG | registers/mem[223][7]_i_3_0[0]  |                  |                3 |              8 |         2.67 |
|  clk_IBUF_BUFG | registers/mem[191][7]_i_3_0[0]  |                  |                4 |              8 |         2.00 |
|  clk_IBUF_BUFG | registers/mem[190][7]_i_3_4[0]  |                  |                2 |              8 |         4.00 |
|  clk_IBUF_BUFG | registers/mem[159][7]_i_3_7[0]  |                  |                3 |              8 |         2.67 |
|  clk_IBUF_BUFG | registers/mem[190][7]_i_3_8[0]  |                  |                2 |              8 |         4.00 |
|  clk_IBUF_BUFG | registers/mem[191][7]_i_3_15[0] |                  |                3 |              8 |         2.67 |
|  clk_IBUF_BUFG | registers/mem[223][7]_i_3_11[0] |                  |                5 |              8 |         1.60 |
|  clk_IBUF_BUFG | registers/mem[223][7]_i_3_12[0] |                  |                3 |              8 |         2.67 |
|  clk_IBUF_BUFG | registers/mem[223][7]_i_3_13[0] |                  |                4 |              8 |         2.00 |
|  clk_IBUF_BUFG | registers/mem[190][7]_i_3_5[0]  |                  |                3 |              8 |         2.67 |
|  clk_IBUF_BUFG | registers/mem[223][7]_i_3_16[0] |                  |                3 |              8 |         2.67 |
|  clk_IBUF_BUFG | registers/mem[190][7]_i_3_0[0]  |                  |                3 |              8 |         2.67 |
|  clk_IBUF_BUFG | registers/mem[191][7]_i_3_1[0]  |                  |                2 |              8 |         4.00 |
|  clk_IBUF_BUFG | registers/mem[190][7]_i_3_10[0] |                  |                4 |              8 |         2.00 |
|  clk_IBUF_BUFG | registers/mem[191][7]_i_3_19[0] |                  |                4 |              8 |         2.00 |
|  clk_IBUF_BUFG | registers/mem[250][7]_i_3_1[0]  |                  |                3 |              8 |         2.67 |
|  clk_IBUF_BUFG | registers/mem[250][7]_i_3_2[0]  |                  |                4 |              8 |         2.00 |
|  clk_IBUF_BUFG | registers/mem[250][7]_i_3_4[0]  |                  |                5 |              8 |         1.60 |
|  clk_IBUF_BUFG | registers/mem[223][7]_i_3_9[0]  |                  |                3 |              8 |         2.67 |
|  clk_IBUF_BUFG | registers/mem[250][7]_i_3_0[0]  |                  |                2 |              8 |         4.00 |
|  clk_IBUF_BUFG | registers/mem[250][7]_i_3_5[0]  |                  |                4 |              8 |         2.00 |
|  clk_IBUF_BUFG | registers/mem[250][7]_i_3_3[0]  |                  |                3 |              8 |         2.67 |
|  clk_IBUF_BUFG | registers/mem[62][7]_i_3_0[0]   |                  |                4 |              8 |         2.00 |
|  clk_IBUF_BUFG | registers/mem[255][7]_i_3_3[0]  |                  |                5 |              8 |         1.60 |
|  clk_IBUF_BUFG | registers/mem[31][7]_i_3_1[0]   |                  |                5 |              8 |         1.60 |
|  clk_IBUF_BUFG | registers/mem[255][7]_i_3[0]    |                  |                2 |              8 |         4.00 |
|  clk_IBUF_BUFG | registers/mem[255][7]_i_5_4[0]  |                  |                3 |              8 |         2.67 |
|  clk_IBUF_BUFG | registers/mem[31][7]_i_3_8[0]   |                  |                4 |              8 |         2.00 |
|  clk_IBUF_BUFG | registers/mem[31][7]_i_3[0]     |                  |                4 |              8 |         2.00 |
|  clk_IBUF_BUFG | registers/mem[255][7]_i_4_1[0]  |                  |                5 |              8 |         1.60 |
|  clk_IBUF_BUFG | registers/mem[255][7]_i_4_2[0]  |                  |                5 |              8 |         1.60 |
|  clk_IBUF_BUFG | registers/mem[255][7]_i_4_0[0]  |                  |                3 |              8 |         2.67 |
|  clk_IBUF_BUFG | registers/mem[31][7]_i_3_12[0]  |                  |                5 |              8 |         1.60 |
|  clk_IBUF_BUFG | registers/mem[255][7]_i_7_4[0]  |                  |                4 |              8 |         2.00 |
|  clk_IBUF_BUFG | registers/mem[31][7]_i_3_13[0]  |                  |                2 |              8 |         4.00 |
|  clk_IBUF_BUFG | registers/mem[255][7]_i_3_1[0]  |                  |                5 |              8 |         1.60 |
|  clk_IBUF_BUFG | registers/mem[255][7]_i_7_2[0]  |                  |                4 |              8 |         2.00 |
|  clk_IBUF_BUFG | registers/mem[31][7]_i_3_14[0]  |                  |                5 |              8 |         1.60 |
|  clk_IBUF_BUFG | registers/mem[31][7]_i_3_21[0]  |                  |                4 |              8 |         2.00 |
|  clk_IBUF_BUFG | registers/mem[31][7]_i_3_16[0]  |                  |                4 |              8 |         2.00 |
|  clk_IBUF_BUFG | registers/mem[31][7]_i_3_9[0]   |                  |                3 |              8 |         2.67 |
|  clk_IBUF_BUFG | registers/mem[56][7]_i_4[0]     |                  |                6 |              8 |         1.33 |
|  clk_IBUF_BUFG | registers/mem[31][7]_i_3_3[0]   |                  |                3 |              8 |         2.67 |
|  clk_IBUF_BUFG | registers/mem[31][7]_i_3_17[0]  |                  |                4 |              8 |         2.00 |
|  clk_IBUF_BUFG | registers/mem[255][7]_i_3_4[0]  |                  |                5 |              8 |         1.60 |
|  clk_IBUF_BUFG | registers/mem[62][7]_i_3_12[0]  |                  |                6 |              8 |         1.33 |
|  clk_IBUF_BUFG | registers/mem[31][7]_i_3_20[0]  |                  |                2 |              8 |         4.00 |
|  clk_IBUF_BUFG | registers/mem[31][7]_i_3_4[0]   |                  |                5 |              8 |         1.60 |
|  clk_IBUF_BUFG | registers/mem[62][7]_i_3_10[0]  |                  |                4 |              8 |         2.00 |
|  clk_IBUF_BUFG | registers/mem[62][7]_i_3_13[0]  |                  |                2 |              8 |         4.00 |
|  clk_IBUF_BUFG | registers/mem[62][7]_i_3_15[0]  |                  |                5 |              8 |         1.60 |
|  clk_IBUF_BUFG | registers/mem[62][7]_i_3_1[0]   |                  |                3 |              8 |         2.67 |
|  clk_IBUF_BUFG | registers/mem[31][7]_i_3_18[0]  |                  |                3 |              8 |         2.67 |
|  clk_IBUF_BUFG | registers/mem[255][7]_i_6_0[0]  |                  |                6 |              8 |         1.33 |
|  clk_IBUF_BUFG | registers/mem[31][7]_i_3_2[0]   |                  |                4 |              8 |         2.00 |
|  clk_IBUF_BUFG | registers/mem[255][7]_i_5_3[0]  |                  |                2 |              8 |         4.00 |
|  clk_IBUF_BUFG | registers/mem[255][7]_i_5_5[0]  |                  |                3 |              8 |         2.67 |
|  clk_IBUF_BUFG | registers/mem[31][7]_i_3_7[0]   |                  |                4 |              8 |         2.00 |
|  clk_IBUF_BUFG | registers/mem[31][7]_i_3_0[0]   |                  |                5 |              8 |         1.60 |
|  clk_IBUF_BUFG | registers/mem[255][7]_i_5_1[0]  |                  |                2 |              8 |         4.00 |
|  clk_IBUF_BUFG | registers/mem[255][7]_i_7_0[0]  |                  |                5 |              8 |         1.60 |
|  clk_IBUF_BUFG | registers/mem[255][7]_i_7_1[0]  |                  |                5 |              8 |         1.60 |
|  clk_IBUF_BUFG | registers/mem[62][7]_i_3_14[0]  |                  |                5 |              8 |         1.60 |
|  clk_IBUF_BUFG | registers/mem[255][7]_i_3_0[0]  |                  |                3 |              8 |         2.67 |
|  clk_IBUF_BUFG | registers/mem[255][7]_i_5_0[0]  |                  |                2 |              8 |         4.00 |
|  clk_IBUF_BUFG | registers/mem[31][7]_i_3_10[0]  |                  |                5 |              8 |         1.60 |
|  clk_IBUF_BUFG | registers/mem[31][7]_i_3_15[0]  |                  |                5 |              8 |         1.60 |
|  clk_IBUF_BUFG | registers/mem[31][7]_i_3_19[0]  |                  |                5 |              8 |         1.60 |
|  clk_IBUF_BUFG | registers/mem[62][7]_i_3_11[0]  |                  |                3 |              8 |         2.67 |
|  clk_IBUF_BUFG | registers/mem[62][7]_i_3_2[0]   |                  |                5 |              8 |         1.60 |
|  clk_IBUF_BUFG | registers/mem[255][7]_i_3_2[0]  |                  |                5 |              8 |         1.60 |
|  clk_IBUF_BUFG | registers/mem[255][7]_i_6_2[0]  |                  |                5 |              8 |         1.60 |
|  clk_IBUF_BUFG | registers/mem[31][7]_i_3_5[0]   |                  |                3 |              8 |         2.67 |
|  clk_IBUF_BUFG | registers/mem[255][7]_i_3_5[0]  |                  |                4 |              8 |         2.00 |
|  clk_IBUF_BUFG | registers/mem[255][7]_i_3_6[0]  |                  |                3 |              8 |         2.67 |
|  clk_IBUF_BUFG | registers/mem[255][7]_i_3_7[0]  |                  |                3 |              8 |         2.67 |
|  clk_IBUF_BUFG | registers/mem[255][7]_i_4[0]    |                  |                5 |              8 |         1.60 |
|  clk_IBUF_BUFG | registers/mem[255][7]_i_6_1[0]  |                  |                6 |              8 |         1.33 |
|  clk_IBUF_BUFG | registers/mem[31][7]_i_3_6[0]   |                  |                3 |              8 |         2.67 |
|  clk_IBUF_BUFG | registers/mem[255][7]_i_5_2[0]  |                  |                2 |              8 |         4.00 |
|  clk_IBUF_BUFG | registers/mem[255][7]_i_7_3[0]  |                  |                4 |              8 |         2.00 |
|  clk_IBUF_BUFG | registers/mem[31][7]_i_3_11[0]  |                  |                5 |              8 |         1.60 |
|  clk_IBUF_BUFG | registers/mem[62][7]_i_3_8[0]   |                  |                3 |              8 |         2.67 |
|  clk_IBUF_BUFG | registers/mem[95][7]_i_3_7[0]   |                  |                5 |              8 |         1.60 |
|  clk_IBUF_BUFG | registers/mem[95][7]_i_3_9[0]   |                  |                4 |              8 |         2.00 |
|  clk_IBUF_BUFG | registers/mem[62][7]_i_3_5[0]   |                  |                2 |              8 |         4.00 |
|  clk_IBUF_BUFG | registers/mem[95][7]_i_3_15[0]  |                  |                4 |              8 |         2.00 |
|  clk_IBUF_BUFG | registers/mem[95][7]_i_3_19[0]  |                  |                5 |              8 |         1.60 |
|  clk_IBUF_BUFG | registers/mem[95][7]_i_3[0]     |                  |                3 |              8 |         2.67 |
|  clk_IBUF_BUFG | registers/mem[63][7]_i_3_1[0]   |                  |                3 |              8 |         2.67 |
|  clk_IBUF_BUFG | registers/mem[95][7]_i_3_4[0]   |                  |                3 |              8 |         2.67 |
|  clk_IBUF_BUFG | registers/mem[63][7]_i_3_11[0]  |                  |                5 |              8 |         1.60 |
|  clk_IBUF_BUFG | registers/mem[62][7]_i_3_9[0]   |                  |                3 |              8 |         2.67 |
|  clk_IBUF_BUFG | registers/mem[63][7]_i_3_3[0]   |                  |                5 |              8 |         1.60 |
|  clk_IBUF_BUFG | registers/mem[63][7]_i_3_8[0]   |                  |                4 |              8 |         2.00 |
|  clk_IBUF_BUFG | registers/mem[63][7]_i_3_9[0]   |                  |                7 |              8 |         1.14 |
|  clk_IBUF_BUFG | registers/mem[63][7]_i_3_15[0]  |                  |                4 |              8 |         2.00 |
|  clk_IBUF_BUFG | registers/mem[95][7]_i_3_10[0]  |                  |                2 |              8 |         4.00 |
|  clk_IBUF_BUFG | registers/mem[95][7]_i_3_14[0]  |                  |                4 |              8 |         2.00 |
|  clk_IBUF_BUFG | registers/mem[62][7]_i_3_3[0]   |                  |                3 |              8 |         2.67 |
|  clk_IBUF_BUFG | registers/mem[95][7]_i_3_11[0]  |                  |                4 |              8 |         2.00 |
|  clk_IBUF_BUFG | registers/mem[95][7]_i_3_17[0]  |                  |                2 |              8 |         4.00 |
|  clk_IBUF_BUFG | registers/mem[95][7]_i_3_21[0]  |                  |                3 |              8 |         2.67 |
|  clk_IBUF_BUFG | registers/mem[63][7]_i_3_10[0]  |                  |                4 |              8 |         2.00 |
|  clk_IBUF_BUFG | registers/mem[63][7]_i_3[0]     |                  |                3 |              8 |         2.67 |
|  clk_IBUF_BUFG | registers/mem[95][7]_i_3_1[0]   |                  |                2 |              8 |         4.00 |
|  clk_IBUF_BUFG | registers/mem[95][7]_i_3_5[0]   |                  |                3 |              8 |         2.67 |
|  clk_IBUF_BUFG | registers/mem[95][7]_i_3_6[0]   |                  |                5 |              8 |         1.60 |
|  clk_IBUF_BUFG | registers/mem[95][7]_i_3_20[0]  |                  |                5 |              8 |         1.60 |
|  clk_IBUF_BUFG | registers/mem[62][7]_i_3_4[0]   |                  |                4 |              8 |         2.00 |
|  clk_IBUF_BUFG | registers/mem[63][7]_i_3_0[0]   |                  |                6 |              8 |         1.33 |
|  clk_IBUF_BUFG | registers/mem[63][7]_i_3_13[0]  |                  |                4 |              8 |         2.00 |
|  clk_IBUF_BUFG | registers/mem[63][7]_i_3_14[0]  |                  |                5 |              8 |         1.60 |
|  clk_IBUF_BUFG | registers/mem[63][7]_i_3_5[0]   |                  |                3 |              8 |         2.67 |
|  clk_IBUF_BUFG | registers/mem[95][7]_i_3_12[0]  |                  |                3 |              8 |         2.67 |
|  clk_IBUF_BUFG | registers/mem[95][7]_i_3_16[0]  |                  |                4 |              8 |         2.00 |
|  clk_IBUF_BUFG | registers/mem[63][7]_i_3_12[0]  |                  |                3 |              8 |         2.67 |
|  clk_IBUF_BUFG | registers/mem[95][7]_i_3_13[0]  |                  |                2 |              8 |         4.00 |
|  clk_IBUF_BUFG | registers/mem[95][7]_i_3_18[0]  |                  |                2 |              8 |         4.00 |
|  clk_IBUF_BUFG | registers/mem[95][7]_i_3_2[0]   |                  |                5 |              8 |         1.60 |
|  clk_IBUF_BUFG | registers/mem[95][7]_i_3_3[0]   |                  |                4 |              8 |         2.00 |
|  clk_IBUF_BUFG | registers/mem[62][7]_i_3_6[0]   |                  |                5 |              8 |         1.60 |
|  clk_IBUF_BUFG | registers/mem[63][7]_i_3_6[0]   |                  |                6 |              8 |         1.33 |
|  clk_IBUF_BUFG | registers/mem[63][7]_i_3_4[0]   |                  |                6 |              8 |         1.33 |
|  clk_IBUF_BUFG | registers/mem[63][7]_i_3_7[0]   |                  |                6 |              8 |         1.33 |
|  clk_IBUF_BUFG | registers/mem[63][7]_i_3_2[0]   |                  |                5 |              8 |         1.60 |
|  clk_IBUF_BUFG | registers/mem[95][7]_i_3_0[0]   |                  |                3 |              8 |         2.67 |
|  clk_IBUF_BUFG |                                 | reset_IBUF       |                4 |             16 |         4.00 |
|  clk_IBUF_BUFG | pc_reg/reg_write                |                  |                4 |             32 |         8.00 |
+----------------+---------------------------------+------------------+------------------+----------------+--------------+


