
*** Running vivado
    with args -log datapath.vdi -applog -m64 -product Vivado -messageDb vivado.pb -mode batch -source datapath.tcl -notrace



****** Vivado v2025.2 (64-bit)
  **** SW Build 6299465 on Fri Nov 14 19:35:11 GMT 2025
  **** IP Build 6300035 on Fri Nov 14 10:48:45 MST 2025
  **** SharedData Build 6298862 on Thu Nov 13 04:50:51 MST 2025
  **** Start of session at: Sun Apr  5 20:23:39 2026
    ** Copyright 1986-2022 Xilinx, Inc. All Rights Reserved.
    ** Copyright 2022-2025 Advanced Micro Devices, Inc. All Rights Reserved.

source datapath.tcl -notrace
create_project: Time (s): cpu = 00:00:10 ; elapsed = 00:00:06 . Memory (MB): peak = 530.285 ; gain = 219.242
Command: link_design -top datapath -part xc7a35tcpg236-1
Design is defaulting to srcset: sources_1
Design is defaulting to constrset: constrs_1
INFO: [Device 21-403] Loading part xc7a35tcpg236-1
Netlist sorting complete. Time (s): cpu = 00:00:01 ; elapsed = 00:00:00.038 . Memory (MB): peak = 749.453 ; gain = 0.000
INFO: [Netlist 29-17] Analyzing 696 Unisim elements for replacement
INFO: [Netlist 29-28] Unisim Transformation completed in 0 CPU seconds
INFO: [Project 1-479] Netlist was created with Vivado 2025.2
INFO: [Project 1-570] Preparing netlist for logic optimization
Parsing XDC File [E:/Vivado projects/CSE_Project1/project_1/project_1.srcs/constrs_1/new/board.xdc]
Finished Parsing XDC File [E:/Vivado projects/CSE_Project1/project_1/project_1.srcs/constrs_1/new/board.xdc]
INFO: [Opt 31-138] Pushed 0 inverter(s) to 0 load pin(s).
Netlist sorting complete. Time (s): cpu = 00:00:00 ; elapsed = 00:00:00.002 . Memory (MB): peak = 884.289 ; gain = 0.000
INFO: [Project 1-111] Unisim Transformation Summary:
  A total of 16 instances were transformed.
  RAM16X1D => RAM32X1D (RAMD32(x2)): 16 instances

7 Infos, 0 Warnings, 0 Critical Warnings and 0 Errors encountered.
link_design completed successfully
link_design: Time (s): cpu = 00:00:04 ; elapsed = 00:00:06 . Memory (MB): peak = 884.289 ; gain = 354.004
Command: opt_design
Attempting to get a license for feature 'Implementation' and/or device 'xc7a35t'
INFO: [Common 17-349] Got license for feature 'Implementation' and/or device 'xc7a35t'
Running DRC as a precondition to command opt_design

Starting DRC Task
INFO: [DRC 23-27] Running DRC with 2 threads
INFO: [Project 1-461] DRC finished with 0 Errors
INFO: [Project 1-462] Please refer to the DRC report (report_drc) for more information.

Time (s): cpu = 00:00:01 ; elapsed = 00:00:00.769 . Memory (MB): peak = 915.547 ; gain = 31.258

Starting Cache Timing Information Task
INFO: [Timing 38-35] Done setting XDC timing constraints.
Ending Cache Timing Information Task | Checksum: 234d2493e

Time (s): cpu = 00:00:08 ; elapsed = 00:00:08 . Memory (MB): peak = 1460.680 ; gain = 545.133

Starting Logic Optimization Task

Phase 1 Initialization

Phase 1.1 Core Generation And Design Setup
Phase 1.1 Core Generation And Design Setup | Checksum: 234d2493e

Time (s): cpu = 00:00:00 ; elapsed = 00:00:00.009 . Memory (MB): peak = 1920.211 ; gain = 0.000

Phase 1.2 Setup Constraints And Sort Netlist
Phase 1.2 Setup Constraints And Sort Netlist | Checksum: 234d2493e

Time (s): cpu = 00:00:00 ; elapsed = 00:00:00.015 . Memory (MB): peak = 1920.211 ; gain = 0.000
Phase 1 Initialization | Checksum: 234d2493e

Time (s): cpu = 00:00:00 ; elapsed = 00:00:00.016 . Memory (MB): peak = 1920.211 ; gain = 0.000

Phase 2 Timer Update And Timing Data Collection

Phase 2.1 Detect if minReqCache needed
Phase 2.1 Detect if minReqCache needed | Checksum: 234d2493e

Time (s): cpu = 00:00:00 ; elapsed = 00:00:00.032 . Memory (MB): peak = 1920.250 ; gain = 0.039

Phase 2.2 Timer Update
Phase 2.2 Timer Update | Checksum: 234d2493e

Time (s): cpu = 00:00:00 ; elapsed = 00:00:00.182 . Memory (MB): peak = 1920.250 ; gain = 0.039

Phase 2.3 Timing Data Collection
Phase 2.3 Timing Data Collection | Checksum: 234d2493e

Time (s): cpu = 00:00:00 ; elapsed = 00:00:00.187 . Memory (MB): peak = 1920.250 ; gain = 0.039
Phase 2 Timer Update And Timing Data Collection | Checksum: 234d2493e

Time (s): cpu = 00:00:00 ; elapsed = 00:00:00.188 . Memory (MB): peak = 1920.250 ; gain = 0.039

Phase 3 Retarget
INFO: [Opt 31-1851] Number of loadless carry chains removed were: 0
INFO: [Opt 31-1834] Total Chains To Be Transformed Were: 0 AND Number of Transformed insts Created are: 0
INFO: [Opt 31-138] Pushed 0 inverter(s) to 0 load pin(s).
INFO: [Opt 31-49] Retargeted 0 cell(s).
Phase 3 Retarget | Checksum: 2eeebd4f7

Time (s): cpu = 00:00:01 ; elapsed = 00:00:00.313 . Memory (MB): peak = 1920.250 ; gain = 0.039
Retarget | Checksum: 2eeebd4f7
INFO: [Opt 31-389] Phase Retarget created 0 cells and removed 4 cells

Phase 4 Constant propagation
INFO: [Opt 31-138] Pushed 0 inverter(s) to 0 load pin(s).
Phase 4 Constant propagation | Checksum: 2e4358bf3

Time (s): cpu = 00:00:01 ; elapsed = 00:00:00.405 . Memory (MB): peak = 1920.250 ; gain = 0.039
Constant propagation | Checksum: 2e4358bf3
INFO: [Opt 31-389] Phase Constant propagation created 0 cells and removed 0 cells

Phase 5 Sweep
INFO: [Constraints 18-11670] Building netlist checker database with flags, 0x8
Done building netlist checker database: Time (s): cpu = 00:00:00 ; elapsed = 00:00:00.003 . Memory (MB): peak = 1920.250 ; gain = 0.000
Phase 5 Sweep | Checksum: 24efc4063

Time (s): cpu = 00:00:01 ; elapsed = 00:00:00.524 . Memory (MB): peak = 1920.250 ; gain = 0.039
Sweep | Checksum: 24efc4063
INFO: [Opt 31-389] Phase Sweep created 0 cells and removed 0 cells

Phase 6 BUFG optimization
Phase 6 BUFG optimization | Checksum: 24efc4063

Time (s): cpu = 00:00:01 ; elapsed = 00:00:00.645 . Memory (MB): peak = 1920.250 ; gain = 0.039
BUFG optimization | Checksum: 24efc4063
INFO: [Opt 31-662] Phase BUFG optimization created 0 cells of which 0 are BUFGs and removed 0 cells.

Phase 7 Shift Register Optimization
INFO: [Opt 31-1064] SRL Remap converted 0 SRLs to 0 registers and converted 0 registers of register chains to 0 SRLs
Phase 7 Shift Register Optimization | Checksum: 24efc4063

Time (s): cpu = 00:00:01 ; elapsed = 00:00:00.676 . Memory (MB): peak = 1920.250 ; gain = 0.039
Shift Register Optimization | Checksum: 24efc4063
INFO: [Opt 31-389] Phase Shift Register Optimization created 0 cells and removed 0 cells

Phase 8 Post Processing Netlist
Phase 8 Post Processing Netlist | Checksum: 24efc4063

Time (s): cpu = 00:00:01 ; elapsed = 00:00:00.724 . Memory (MB): peak = 1920.250 ; gain = 0.039
Post Processing Netlist | Checksum: 24efc4063
INFO: [Opt 31-389] Phase Post Processing Netlist created 0 cells and removed 0 cells

Phase 9 Finalization

Phase 9.1 Finalizing Design Cores and Updating Shapes
Phase 9.1 Finalizing Design Cores and Updating Shapes | Checksum: 28a7aaeef

Time (s): cpu = 00:00:01 ; elapsed = 00:00:00.779 . Memory (MB): peak = 1920.250 ; gain = 0.039

Phase 9.2 Verifying Netlist Connectivity

Starting Connectivity Check Task

Time (s): cpu = 00:00:00 ; elapsed = 00:00:00.028 . Memory (MB): peak = 1920.250 ; gain = 0.000
Phase 9.2 Verifying Netlist Connectivity | Checksum: 28a7aaeef

Time (s): cpu = 00:00:01 ; elapsed = 00:00:00.811 . Memory (MB): peak = 1920.250 ; gain = 0.039
Phase 9 Finalization | Checksum: 28a7aaeef

Time (s): cpu = 00:00:01 ; elapsed = 00:00:00.814 . Memory (MB): peak = 1920.250 ; gain = 0.039
Opt_design Change Summary
=========================


-------------------------------------------------------------------------------------------------------------------------
|  Phase                        |  #Cells created  |  #Cells Removed  |  #Constrained objects preventing optimizations  |
-------------------------------------------------------------------------------------------------------------------------
|  Retarget                     |               0  |               4  |                                              0  |
|  Constant propagation         |               0  |               0  |                                              0  |
|  Sweep                        |               0  |               0  |                                              0  |
|  BUFG optimization            |               0  |               0  |                                              0  |
|  Shift Register Optimization  |               0  |               0  |                                              0  |
|  Post Processing Netlist      |               0  |               0  |                                              0  |
-------------------------------------------------------------------------------------------------------------------------


Ending Logic Optimization Task | Checksum: 28a7aaeef

Time (s): cpu = 00:00:01 ; elapsed = 00:00:00.820 . Memory (MB): peak = 1920.250 ; gain = 0.039

Starting Power Optimization Task
INFO: [Pwropt 34-132] Skipping clock gating for clocks with a period < 2.00 ns.
Ending Power Optimization Task | Checksum: 28a7aaeef

Time (s): cpu = 00:00:00 ; elapsed = 00:00:00.017 . Memory (MB): peak = 1920.250 ; gain = 0.000

Starting Final Cleanup Task
Ending Final Cleanup Task | Checksum: 28a7aaeef

Time (s): cpu = 00:00:00 ; elapsed = 00:00:00.003 . Memory (MB): peak = 1920.250 ; gain = 0.000
Netlist sorting complete. Time (s): cpu = 00:00:00 ; elapsed = 00:00:00.003 . Memory (MB): peak = 1920.250 ; gain = 0.000
INFO: [Common 17-83] Releasing license: Implementation
27 Infos, 0 Warnings, 0 Critical Warnings and 0 Errors encountered.
opt_design completed successfully
opt_design: Time (s): cpu = 00:00:15 ; elapsed = 00:00:15 . Memory (MB): peak = 1920.250 ; gain = 1035.961
INFO: [Vivado 12-24828] Executing command : report_drc -file datapath_drc_opted.rpt -pb datapath_drc_opted.pb -rpx datapath_drc_opted.rpx
Command: report_drc -file datapath_drc_opted.rpt -pb datapath_drc_opted.pb -rpx datapath_drc_opted.rpx
INFO: [IP_Flow 19-234] Refreshing IP repositories
INFO: [IP_Flow 19-1704] No user IP repositories specified
INFO: [IP_Flow 19-2313] Loaded Vivado IP repository 'E:/2025.2/Vivado/data/ip'.
INFO: [DRC 23-27] Running DRC with 2 threads
INFO: [Vivado_Tcl 2-168] The results of DRC are in file E:/Vivado projects/CSE_Project1/project_1/project_1.runs/impl_1/datapath_drc_opted.rpt.
report_drc completed successfully
INFO: [Timing 38-480] Writing timing data to binary archive.
Wrote PlaceDB: Time (s): cpu = 00:00:00 ; elapsed = 00:00:00 . Memory (MB): peak = 1920.250 ; gain = 0.000
Wrote PulsedLatchDB: Time (s): cpu = 00:00:00 ; elapsed = 00:00:00.001 . Memory (MB): peak = 1920.250 ; gain = 0.000
Writing XDEF routing.
Write ShapeDB Complete: Time (s): cpu = 00:00:00 ; elapsed = 00:00:00.017 . Memory (MB): peak = 1920.250 ; gain = 0.000
Writing XDEF routing logical nets.
Writing XDEF routing special nets.
Wrote RouteStorage: Time (s): cpu = 00:00:00 ; elapsed = 00:00:00.026 . Memory (MB): peak = 1920.250 ; gain = 0.000
Wrote PlaceStorage: Time (s): cpu = 00:00:00 ; elapsed = 00:00:00.001 . Memory (MB): peak = 1920.250 ; gain = 0.000
Wrote Netlist Cache: Time (s): cpu = 00:00:00 ; elapsed = 00:00:00 . Memory (MB): peak = 1920.250 ; gain = 0.000
Wrote Device Cache: Time (s): cpu = 00:00:00 ; elapsed = 00:00:00.010 . Memory (MB): peak = 1920.250 ; gain = 0.000
Write Physdb Complete: Time (s): cpu = 00:00:00 ; elapsed = 00:00:00.045 . Memory (MB): peak = 1920.250 ; gain = 0.000
INFO: [Common 17-1381] The checkpoint 'E:/Vivado projects/CSE_Project1/project_1/project_1.runs/impl_1/datapath_opt.dcp' has been generated.
Command: place_design
Attempting to get a license for feature 'Implementation' and/or device 'xc7a35t'
INFO: [Common 17-349] Got license for feature 'Implementation' and/or device 'xc7a35t'
INFO: [Common 17-83] Releasing license: Implementation
INFO: [DRC 23-27] Running DRC with 2 threads
INFO: [Vivado_Tcl 4-198] DRC finished with 0 Errors
INFO: [Vivado_Tcl 4-199] Please refer to the DRC report (report_drc) for more information.
INFO: [Timing 38-35] Done setting XDC timing constraints.
Running DRC as a precondition to command place_design
INFO: [DRC 23-27] Running DRC with 2 threads
INFO: [Vivado_Tcl 4-198] DRC finished with 0 Errors
INFO: [Vivado_Tcl 4-199] Please refer to the DRC report (report_drc) for more information.
INFO: [Place 30-611] Multithreading enabled for place_design using a maximum of 2 CPUs

Starting Placer Task

Phase 1 Placer Initialization

Phase 1.1 Placer Initialization Netlist Sorting
Netlist sorting complete. Time (s): cpu = 00:00:00 ; elapsed = 00:00:00.002 . Memory (MB): peak = 1920.250 ; gain = 0.000
Phase 1.1 Placer Initialization Netlist Sorting | Checksum: 228c9b8f2

Time (s): cpu = 00:00:00 ; elapsed = 00:00:00.006 . Memory (MB): peak = 1920.250 ; gain = 0.000
Netlist sorting complete. Time (s): cpu = 00:00:00 ; elapsed = 00:00:00.001 . Memory (MB): peak = 1920.250 ; gain = 0.000

Phase 1.2 IO Placement/ Clock Placement/ Build Placer Device
Phase 1.2 IO Placement/ Clock Placement/ Build Placer Device | Checksum: 19212918c

Time (s): cpu = 00:00:00 ; elapsed = 00:00:00.506 . Memory (MB): peak = 1920.250 ; gain = 0.000

Phase 1.3 Build Placer Netlist Model
Phase 1.3 Build Placer Netlist Model | Checksum: 1dda22dd4

Time (s): cpu = 00:00:02 ; elapsed = 00:00:02 . Memory (MB): peak = 1920.250 ; gain = 0.000

Phase 1.4 Constrain Clocks/Macros
Phase 1.4 Constrain Clocks/Macros | Checksum: 1dda22dd4

Time (s): cpu = 00:00:02 ; elapsed = 00:00:02 . Memory (MB): peak = 1920.250 ; gain = 0.000
Phase 1 Placer Initialization | Checksum: 1dda22dd4

Time (s): cpu = 00:00:02 ; elapsed = 00:00:02 . Memory (MB): peak = 1920.250 ; gain = 0.000

Phase 2 Global Placement

Phase 2.1 Floorplanning
Phase 2.1 Floorplanning | Checksum: 21d78e024

Time (s): cpu = 00:00:04 ; elapsed = 00:00:03 . Memory (MB): peak = 1920.250 ; gain = 0.000

Phase 2.2 Update Timing before SLR Path Opt
Phase 2.2 Update Timing before SLR Path Opt | Checksum: 1a91aa0cb

Time (s): cpu = 00:00:05 ; elapsed = 00:00:03 . Memory (MB): peak = 1920.250 ; gain = 0.000

Phase 2.3 Post-Processing in Floorplanning
Phase 2.3 Post-Processing in Floorplanning | Checksum: 1a91aa0cb

Time (s): cpu = 00:00:05 ; elapsed = 00:00:03 . Memory (MB): peak = 1920.250 ; gain = 0.000

Phase 2.4 Global Place Phase1
Phase 2.4 Global Place Phase1 | Checksum: 1eabc0e2a

Time (s): cpu = 00:00:12 ; elapsed = 00:00:08 . Memory (MB): peak = 1920.250 ; gain = 0.000

Phase 2.5 Global Place Phase2

Phase 2.5.1 UpdateTiming Before Physical Synthesis
Phase 2.5.1 UpdateTiming Before Physical Synthesis | Checksum: 290455905

Time (s): cpu = 00:00:14 ; elapsed = 00:00:09 . Memory (MB): peak = 1920.250 ; gain = 0.000

Phase 2.5.2 Physical Synthesis In Placer
INFO: [Physopt 32-1035] Found 106 LUTNM shape to break, 5 LUT instances to create LUTNM shape
INFO: [Physopt 32-1044] Break lutnm for timing: one critical 5, two critical 101, total 106, new lutff created 0
INFO: [Physopt 32-1138] End 1 Pass. Optimized 108 nets or LUTs. Breaked 106 LUTs, combined 2 existing LUTs and moved 0 existing LUT
INFO: [Physopt 32-65] No nets found for high-fanout optimization.
INFO: [Physopt 32-232] Optimized 0 net. Created 0 new instance.
INFO: [Physopt 32-775] End 1 Pass. Optimized 0 net or cell. Created 0 new cell, deleted 0 existing cell and moved 0 existing cell
INFO: [Physopt 32-456] No candidate cells for DSP register optimization found in the design.
INFO: [Physopt 32-775] End 2 Pass. Optimized 0 net or cell. Created 0 new cell, deleted 0 existing cell and moved 0 existing cell
INFO: [Physopt 32-1123] No candidate cells found for Shift Register to Pipeline optimization
INFO: [Physopt 32-775] End 2 Pass. Optimized 0 net or cell. Created 0 new cell, deleted 0 existing cell and moved 0 existing cell
INFO: [Physopt 32-1401] No candidate cells found for Shift Register optimization.
INFO: [Physopt 32-677] No candidate cells for Shift Register optimization found in the design
INFO: [Physopt 32-775] End 1 Pass. Optimized 0 net or cell. Created 0 new cell, deleted 0 existing cell and moved 0 existing cell
INFO: [Physopt 32-526] No candidate cells for BRAM register optimization found in the design
INFO: [Physopt 32-775] End 1 Pass. Optimized 0 net or cell. Created 0 new cell, deleted 0 existing cell and moved 0 existing cell
INFO: [Physopt 32-846] No candidate cells for URAM register optimization found in the design
INFO: [Physopt 32-775] End 1 Pass. Optimized 0 net or cell. Created 0 new cell, deleted 0 existing cell and moved 0 existing cell
INFO: [Physopt 32-846] No candidate cells for URAM register optimization found in the design
INFO: [Physopt 32-775] End 1 Pass. Optimized 0 net or cell. Created 0 new cell, deleted 0 existing cell and moved 0 existing cell
INFO: [Physopt 32-949] No candidate nets found for dynamic/static region interface net replication
INFO: [Physopt 32-775] End 1 Pass. Optimized 0 net or cell. Created 0 new cell, deleted 0 existing cell and moved 0 existing cell
Netlist sorting complete. Time (s): cpu = 00:00:00 ; elapsed = 00:00:00.001 . Memory (MB): peak = 1920.250 ; gain = 0.000

Summary of Physical Synthesis Optimizations
============================================


-----------------------------------------------------------------------------------------------------------------------------------------------------------
|  Optimization                                     |  Added Cells  |  Removed Cells  |  Optimized Cells/Nets  |  Dont Touch  |  Iterations  |  Elapsed   |
-----------------------------------------------------------------------------------------------------------------------------------------------------------
|  LUT Combining                                    |          106  |              2  |                   108  |           0  |           1  |  00:00:00  |
|  Retime                                           |            0  |              0  |                     0  |           0  |           1  |  00:00:00  |
|  Very High Fanout                                 |            0  |              0  |                     0  |           0  |           1  |  00:00:00  |
|  DSP Register                                     |            0  |              0  |                     0  |           0  |           1  |  00:00:00  |
|  Shift Register to Pipeline                       |            0  |              0  |                     0  |           0  |           1  |  00:00:00  |
|  Shift Register                                   |            0  |              0  |                     0  |           0  |           1  |  00:00:00  |
|  BRAM Register                                    |            0  |              0  |                     0  |           0  |           1  |  00:00:00  |
|  URAM Register                                    |            0  |              0  |                     0  |           0  |           1  |  00:00:00  |
|  Dynamic/Static Region Interface Net Replication  |            0  |              0  |                     0  |           0  |           1  |  00:00:00  |
|  Total                                            |          106  |              2  |                   108  |           0  |           9  |  00:00:00  |
-----------------------------------------------------------------------------------------------------------------------------------------------------------


Phase 2.5.2 Physical Synthesis In Placer | Checksum: 1ced0eacf

Time (s): cpu = 00:00:15 ; elapsed = 00:00:10 . Memory (MB): peak = 1920.250 ; gain = 0.000
Phase 2.5 Global Place Phase2 | Checksum: 225d4bb31

Time (s): cpu = 00:00:16 ; elapsed = 00:00:10 . Memory (MB): peak = 1920.250 ; gain = 0.000
Phase 2 Global Placement | Checksum: 225d4bb31

Time (s): cpu = 00:00:16 ; elapsed = 00:00:10 . Memory (MB): peak = 1920.250 ; gain = 0.000

Phase 3 Detail Placement

Phase 3.1 Commit Multi Column Macros
Phase 3.1 Commit Multi Column Macros | Checksum: 276b563a9

Time (s): cpu = 00:00:17 ; elapsed = 00:00:11 . Memory (MB): peak = 1920.250 ; gain = 0.000

Phase 3.2 Commit Most Macros & LUTRAMs
Phase 3.2 Commit Most Macros & LUTRAMs | Checksum: 2442a30d1

Time (s): cpu = 00:00:19 ; elapsed = 00:00:12 . Memory (MB): peak = 1920.250 ; gain = 0.000

Phase 3.3 Area Swap Optimization
Phase 3.3 Area Swap Optimization | Checksum: 236d86658

Time (s): cpu = 00:00:20 ; elapsed = 00:00:12 . Memory (MB): peak = 1920.250 ; gain = 0.000

Phase 3.4 Pipeline Register Optimization
Phase 3.4 Pipeline Register Optimization | Checksum: 27ab07149

Time (s): cpu = 00:00:20 ; elapsed = 00:00:12 . Memory (MB): peak = 1920.250 ; gain = 0.000

Phase 3.5 Fast Optimization
Phase 3.5 Fast Optimization | Checksum: 21898efd5

Time (s): cpu = 00:00:26 ; elapsed = 00:00:18 . Memory (MB): peak = 1920.250 ; gain = 0.000

Phase 3.6 Small Shape Detail Placement
Phase 3.6 Small Shape Detail Placement | Checksum: 2003a52cf

Time (s): cpu = 00:00:31 ; elapsed = 00:00:24 . Memory (MB): peak = 1920.250 ; gain = 0.000

Phase 3.7 Re-assign LUT pins
Phase 3.7 Re-assign LUT pins | Checksum: 1d39e45e8

Time (s): cpu = 00:00:32 ; elapsed = 00:00:24 . Memory (MB): peak = 1920.250 ; gain = 0.000

Phase 3.8 Pipeline Register Optimization
Phase 3.8 Pipeline Register Optimization | Checksum: 2217ab2da

Time (s): cpu = 00:00:32 ; elapsed = 00:00:25 . Memory (MB): peak = 1920.250 ; gain = 0.000

Phase 3.9 Fast Optimization
Phase 3.9 Fast Optimization | Checksum: 1ca2c695a

Time (s): cpu = 00:00:41 ; elapsed = 00:00:32 . Memory (MB): peak = 1920.250 ; gain = 0.000
Phase 3 Detail Placement | Checksum: 1ca2c695a

Time (s): cpu = 00:00:41 ; elapsed = 00:00:32 . Memory (MB): peak = 1920.250 ; gain = 0.000

Phase 4 Post Placement Optimization and Clean-Up

Phase 4.1 Post Commit Optimization
INFO: [Timing 38-35] Done setting XDC timing constraints.

Phase 4.1.1 Post Placement Optimization
Post Placement Optimization Initialization | Checksum: 1be256f51

Phase 4.1.1.1 BUFG Insertion

Starting Physical Synthesis Task

Phase 1 Physical Synthesis Initialization
INFO: [Physopt 32-721] Multithreading enabled for phys_opt_design using a maximum of 2 CPUs
INFO: [Physopt 32-619] Estimated Timing Summary | WNS=-2.327 | TNS=-334.098 |
Phase 1 Physical Synthesis Initialization | Checksum: 1025f7957

Time (s): cpu = 00:00:00 ; elapsed = 00:00:00.107 . Memory (MB): peak = 1920.250 ; gain = 0.000
INFO: [Place 46-56] BUFG insertion identified 0 candidate nets. Inserted BUFG: 0, Replicated BUFG Driver: 0, Skipped due to Placement/Routing Conflicts: 0, Skipped due to Timing Degradation: 0, Skipped due to netlist editing failed: 0.
Ending Physical Synthesis Task | Checksum: 1a0a558c5

Time (s): cpu = 00:00:00 ; elapsed = 00:00:00.180 . Memory (MB): peak = 1920.250 ; gain = 0.000
Phase 4.1.1.1 BUFG Insertion | Checksum: 1be256f51

Time (s): cpu = 00:00:44 ; elapsed = 00:00:34 . Memory (MB): peak = 1920.250 ; gain = 0.000

Phase 4.1.1.2 Post Placement Timing Optimization

*** Running vivado
    with args -log datapath.vdi -applog -m64 -product Vivado -messageDb vivado.pb -mode batch -source datapath.tcl -notrace



****** Vivado v2025.2 (64-bit)
  **** SW Build 6299465 on Fri Nov 14 19:35:11 GMT 2025
  **** IP Build 6300035 on Fri Nov 14 10:48:45 MST 2025
  **** SharedData Build 6298862 on Thu Nov 13 04:50:51 MST 2025
  **** Start of session at: Sun Apr  5 20:26:48 2026
    ** Copyright 1986-2022 Xilinx, Inc. All Rights Reserved.
    ** Copyright 2022-2025 Advanced Micro Devices, Inc. All Rights Reserved.

source datapath.tcl -notrace
create_project: Time (s): cpu = 00:00:10 ; elapsed = 00:00:06 . Memory (MB): peak = 529.527 ; gain = 218.910
Command: link_design -top datapath -part xc7a35tcpg236-1
Design is defaulting to srcset: sources_1
Design is defaulting to constrset: constrs_1
INFO: [Device 21-403] Loading part xc7a35tcpg236-1
Netlist sorting complete. Time (s): cpu = 00:00:00 ; elapsed = 00:00:00.037 . Memory (MB): peak = 747.469 ; gain = 0.000
INFO: [Netlist 29-17] Analyzing 696 Unisim elements for replacement
INFO: [Netlist 29-28] Unisim Transformation completed in 0 CPU seconds
INFO: [Project 1-479] Netlist was created with Vivado 2025.2
INFO: [Project 1-570] Preparing netlist for logic optimization
Parsing XDC File [E:/Vivado projects/CSE_Project1/project_1/project_1.srcs/constrs_1/new/board.xdc]
WARNING: [Vivado 12-584] No ports matched 'led[0]'. [E:/Vivado projects/CSE_Project1/project_1/project_1.srcs/constrs_1/new/board.xdc:13]
CRITICAL WARNING: [Common 17-55] 'set_property' expects at least one object. [E:/Vivado projects/CSE_Project1/project_1/project_1.srcs/constrs_1/new/board.xdc:13]
Resolution: If [get_<value>] was used to populate the object, check to make sure this command returns at least one valid object.
WARNING: [Vivado 12-584] No ports matched 'led[0]'. [E:/Vivado projects/CSE_Project1/project_1/project_1.srcs/constrs_1/new/board.xdc:14]
CRITICAL WARNING: [Common 17-55] 'set_property' expects at least one object. [E:/Vivado projects/CSE_Project1/project_1/project_1.srcs/constrs_1/new/board.xdc:14]
Resolution: If [get_<value>] was used to populate the object, check to make sure this command returns at least one valid object.
WARNING: [Vivado 12-584] No ports matched 'led[1]'. [E:/Vivado projects/CSE_Project1/project_1/project_1.srcs/constrs_1/new/board.xdc:15]
CRITICAL WARNING: [Common 17-55] 'set_property' expects at least one object. [E:/Vivado projects/CSE_Project1/project_1/project_1.srcs/constrs_1/new/board.xdc:15]
Resolution: If [get_<value>] was used to populate the object, check to make sure this command returns at least one valid object.
WARNING: [Vivado 12-584] No ports matched 'led[1]'. [E:/Vivado projects/CSE_Project1/project_1/project_1.srcs/constrs_1/new/board.xdc:16]
CRITICAL WARNING: [Common 17-55] 'set_property' expects at least one object. [E:/Vivado projects/CSE_Project1/project_1/project_1.srcs/constrs_1/new/board.xdc:16]
Resolution: If [get_<value>] was used to populate the object, check to make sure this command returns at least one valid object.
WARNING: [Vivado 12-584] No ports matched 'led[2]'. [E:/Vivado projects/CSE_Project1/project_1/project_1.srcs/constrs_1/new/board.xdc:17]
CRITICAL WARNING: [Common 17-55] 'set_property' expects at least one object. [E:/Vivado projects/CSE_Project1/project_1/project_1.srcs/constrs_1/new/board.xdc:17]
Resolution: If [get_<value>] was used to populate the object, check to make sure this command returns at least one valid object.
WARNING: [Vivado 12-584] No ports matched 'led[2]'. [E:/Vivado projects/CSE_Project1/project_1/project_1.srcs/constrs_1/new/board.xdc:18]
CRITICAL WARNING: [Common 17-55] 'set_property' expects at least one object. [E:/Vivado projects/CSE_Project1/project_1/project_1.srcs/constrs_1/new/board.xdc:18]
Resolution: If [get_<value>] was used to populate the object, check to make sure this command returns at least one valid object.
WARNING: [Vivado 12-584] No ports matched 'led[3]'. [E:/Vivado projects/CSE_Project1/project_1/project_1.srcs/constrs_1/new/board.xdc:19]
CRITICAL WARNING: [Common 17-55] 'set_property' expects at least one object. [E:/Vivado projects/CSE_Project1/project_1/project_1.srcs/constrs_1/new/board.xdc:19]
Resolution: If [get_<value>] was used to populate the object, check to make sure this command returns at least one valid object.
WARNING: [Vivado 12-584] No ports matched 'led[3]'. [E:/Vivado projects/CSE_Project1/project_1/project_1.srcs/constrs_1/new/board.xdc:20]
CRITICAL WARNING: [Common 17-55] 'set_property' expects at least one object. [E:/Vivado projects/CSE_Project1/project_1/project_1.srcs/constrs_1/new/board.xdc:20]
Resolution: If [get_<value>] was used to populate the object, check to make sure this command returns at least one valid object.
WARNING: [Vivado 12-584] No ports matched 'led[4]'. [E:/Vivado projects/CSE_Project1/project_1/project_1.srcs/constrs_1/new/board.xdc:21]
CRITICAL WARNING: [Common 17-55] 'set_property' expects at least one object. [E:/Vivado projects/CSE_Project1/project_1/project_1.srcs/constrs_1/new/board.xdc:21]
Resolution: If [get_<value>] was used to populate the object, check to make sure this command returns at least one valid object.
WARNING: [Vivado 12-584] No ports matched 'led[4]'. [E:/Vivado projects/CSE_Project1/project_1/project_1.srcs/constrs_1/new/board.xdc:22]
CRITICAL WARNING: [Common 17-55] 'set_property' expects at least one object. [E:/Vivado projects/CSE_Project1/project_1/project_1.srcs/constrs_1/new/board.xdc:22]
Resolution: If [get_<value>] was used to populate the object, check to make sure this command returns at least one valid object.
WARNING: [Vivado 12-584] No ports matched 'led[5]'. [E:/Vivado projects/CSE_Project1/project_1/project_1.srcs/constrs_1/new/board.xdc:23]
CRITICAL WARNING: [Common 17-55] 'set_property' expects at least one object. [E:/Vivado projects/CSE_Project1/project_1/project_1.srcs/constrs_1/new/board.xdc:23]
Resolution: If [get_<value>] was used to populate the object, check to make sure this command returns at least one valid object.
WARNING: [Vivado 12-584] No ports matched 'led[5]'. [E:/Vivado projects/CSE_Project1/project_1/project_1.srcs/constrs_1/new/board.xdc:24]
CRITICAL WARNING: [Common 17-55] 'set_property' expects at least one object. [E:/Vivado projects/CSE_Project1/project_1/project_1.srcs/constrs_1/new/board.xdc:24]
Resolution: If [get_<value>] was used to populate the object, check to make sure this command returns at least one valid object.
WARNING: [Vivado 12-584] No ports matched 'led[6]'. [E:/Vivado projects/CSE_Project1/project_1/project_1.srcs/constrs_1/new/board.xdc:25]
CRITICAL WARNING: [Common 17-55] 'set_property' expects at least one object. [E:/Vivado projects/CSE_Project1/project_1/project_1.srcs/constrs_1/new/board.xdc:25]
Resolution: If [get_<value>] was used to populate the object, check to make sure this command returns at least one valid object.
WARNING: [Vivado 12-584] No ports matched 'led[6]'. [E:/Vivado projects/CSE_Project1/project_1/project_1.srcs/constrs_1/new/board.xdc:26]
CRITICAL WARNING: [Common 17-55] 'set_property' expects at least one object. [E:/Vivado projects/CSE_Project1/project_1/project_1.srcs/constrs_1/new/board.xdc:26]
Resolution: If [get_<value>] was used to populate the object, check to make sure this command returns at least one valid object.
WARNING: [Vivado 12-584] No ports matched 'led[7]'. [E:/Vivado projects/CSE_Project1/project_1/project_1.srcs/constrs_1/new/board.xdc:27]
CRITICAL WARNING: [Common 17-55] 'set_property' expects at least one object. [E:/Vivado projects/CSE_Project1/project_1/project_1.srcs/constrs_1/new/board.xdc:27]
Resolution: If [get_<value>] was used to populate the object, check to make sure this command returns at least one valid object.
WARNING: [Vivado 12-584] No ports matched 'led[7]'. [E:/Vivado projects/CSE_Project1/project_1/project_1.srcs/constrs_1/new/board.xdc:28]
CRITICAL WARNING: [Common 17-55] 'set_property' expects at least one object. [E:/Vivado projects/CSE_Project1/project_1/project_1.srcs/constrs_1/new/board.xdc:28]
Resolution: If [get_<value>] was used to populate the object, check to make sure this command returns at least one valid object.
WARNING: [Vivado 12-584] No ports matched 'led[8]'. [E:/Vivado projects/CSE_Project1/project_1/project_1.srcs/constrs_1/new/board.xdc:29]
CRITICAL WARNING: [Common 17-55] 'set_property' expects at least one object. [E:/Vivado projects/CSE_Project1/project_1/project_1.srcs/constrs_1/new/board.xdc:29]
Resolution: If [get_<value>] was used to populate the object, check to make sure this command returns at least one valid object.
WARNING: [Vivado 12-584] No ports matched 'led[8]'. [E:/Vivado projects/CSE_Project1/project_1/project_1.srcs/constrs_1/new/board.xdc:30]
CRITICAL WARNING: [Common 17-55] 'set_property' expects at least one object. [E:/Vivado projects/CSE_Project1/project_1/project_1.srcs/constrs_1/new/board.xdc:30]
Resolution: If [get_<value>] was used to populate the object, check to make sure this command returns at least one valid object.
WARNING: [Vivado 12-584] No ports matched 'led[9]'. [E:/Vivado projects/CSE_Project1/project_1/project_1.srcs/constrs_1/new/board.xdc:31]
CRITICAL WARNING: [Common 17-55] 'set_property' expects at least one object. [E:/Vivado projects/CSE_Project1/project_1/project_1.srcs/constrs_1/new/board.xdc:31]
Resolution: If [get_<value>] was used to populate the object, check to make sure this command returns at least one valid object.
WARNING: [Vivado 12-584] No ports matched 'led[9]'. [E:/Vivado projects/CSE_Project1/project_1/project_1.srcs/constrs_1/new/board.xdc:32]
CRITICAL WARNING: [Common 17-55] 'set_property' expects at least one object. [E:/Vivado projects/CSE_Project1/project_1/project_1.srcs/constrs_1/new/board.xdc:32]
Resolution: If [get_<value>] was used to populate the object, check to make sure this command returns at least one valid object.
WARNING: [Vivado 12-584] No ports matched 'led[10]'. [E:/Vivado projects/CSE_Project1/project_1/project_1.srcs/constrs_1/new/board.xdc:33]
CRITICAL WARNING: [Common 17-55] 'set_property' expects at least one object. [E:/Vivado projects/CSE_Project1/project_1/project_1.srcs/constrs_1/new/board.xdc:33]
Resolution: If [get_<value>] was used to populate the object, check to make sure this command returns at least one valid object.
WARNING: [Vivado 12-584] No ports matched 'led[10]'. [E:/Vivado projects/CSE_Project1/project_1/project_1.srcs/constrs_1/new/board.xdc:34]
CRITICAL WARNING: [Common 17-55] 'set_property' expects at least one object. [E:/Vivado projects/CSE_Project1/project_1/project_1.srcs/constrs_1/new/board.xdc:34]
Resolution: If [get_<value>] was used to populate the object, check to make sure this command returns at least one valid object.
WARNING: [Vivado 12-584] No ports matched 'led[11]'. [E:/Vivado projects/CSE_Project1/project_1/project_1.srcs/constrs_1/new/board.xdc:35]
CRITICAL WARNING: [Common 17-55] 'set_property' expects at least one object. [E:/Vivado projects/CSE_Project1/project_1/project_1.srcs/constrs_1/new/board.xdc:35]
Resolution: If [get_<value>] was used to populate the object, check to make sure this command returns at least one valid object.
WARNING: [Vivado 12-584] No ports matched 'led[11]'. [E:/Vivado projects/CSE_Project1/project_1/project_1.srcs/constrs_1/new/board.xdc:36]
CRITICAL WARNING: [Common 17-55] 'set_property' expects at least one object. [E:/Vivado projects/CSE_Project1/project_1/project_1.srcs/constrs_1/new/board.xdc:36]
Resolution: If [get_<value>] was used to populate the object, check to make sure this command returns at least one valid object.
WARNING: [Vivado 12-584] No ports matched 'led[12]'. [E:/Vivado projects/CSE_Project1/project_1/project_1.srcs/constrs_1/new/board.xdc:37]
CRITICAL WARNING: [Common 17-55] 'set_property' expects at least one object. [E:/Vivado projects/CSE_Project1/project_1/project_1.srcs/constrs_1/new/board.xdc:37]
Resolution: If [get_<value>] was used to populate the object, check to make sure this command returns at least one valid object.
WARNING: [Vivado 12-584] No ports matched 'led[12]'. [E:/Vivado projects/CSE_Project1/project_1/project_1.srcs/constrs_1/new/board.xdc:38]
CRITICAL WARNING: [Common 17-55] 'set_property' expects at least one object. [E:/Vivado projects/CSE_Project1/project_1/project_1.srcs/constrs_1/new/board.xdc:38]
Resolution: If [get_<value>] was used to populate the object, check to make sure this command returns at least one valid object.
WARNING: [Vivado 12-584] No ports matched 'led[13]'. [E:/Vivado projects/CSE_Project1/project_1/project_1.srcs/constrs_1/new/board.xdc:39]
CRITICAL WARNING: [Common 17-55] 'set_property' expects at least one object. [E:/Vivado projects/CSE_Project1/project_1/project_1.srcs/constrs_1/new/board.xdc:39]
Resolution: If [get_<value>] was used to populate the object, check to make sure this command returns at least one valid object.
WARNING: [Vivado 12-584] No ports matched 'led[13]'. [E:/Vivado projects/CSE_Project1/project_1/project_1.srcs/constrs_1/new/board.xdc:40]
CRITICAL WARNING: [Common 17-55] 'set_property' expects at least one object. [E:/Vivado projects/CSE_Project1/project_1/project_1.srcs/constrs_1/new/board.xdc:40]
Resolution: If [get_<value>] was used to populate the object, check to make sure this command returns at least one valid object.
WARNING: [Vivado 12-584] No ports matched 'led[14]'. [E:/Vivado projects/CSE_Project1/project_1/project_1.srcs/constrs_1/new/board.xdc:41]
CRITICAL WARNING: [Common 17-55] 'set_property' expects at least one object. [E:/Vivado projects/CSE_Project1/project_1/project_1.srcs/constrs_1/new/board.xdc:41]
Resolution: If [get_<value>] was used to populate the object, check to make sure this command returns at least one valid object.
WARNING: [Vivado 12-584] No ports matched 'led[14]'. [E:/Vivado projects/CSE_Project1/project_1/project_1.srcs/constrs_1/new/board.xdc:42]
CRITICAL WARNING: [Common 17-55] 'set_property' expects at least one object. [E:/Vivado projects/CSE_Project1/project_1/project_1.srcs/constrs_1/new/board.xdc:42]
Resolution: If [get_<value>] was used to populate the object, check to make sure this command returns at least one valid object.
WARNING: [Vivado 12-584] No ports matched 'led[15]'. [E:/Vivado projects/CSE_Project1/project_1/project_1.srcs/constrs_1/new/board.xdc:43]
CRITICAL WARNING: [Common 17-55] 'set_property' expects at least one object. [E:/Vivado projects/CSE_Project1/project_1/project_1.srcs/constrs_1/new/board.xdc:43]
Resolution: If [get_<value>] was used to populate the object, check to make sure this command returns at least one valid object.
WARNING: [Vivado 12-584] No ports matched 'led[15]'. [E:/Vivado projects/CSE_Project1/project_1/project_1.srcs/constrs_1/new/board.xdc:44]
CRITICAL WARNING: [Common 17-55] 'set_property' expects at least one object. [E:/Vivado projects/CSE_Project1/project_1/project_1.srcs/constrs_1/new/board.xdc:44]
Resolution: If [get_<value>] was used to populate the object, check to make sure this command returns at least one valid object.
Finished Parsing XDC File [E:/Vivado projects/CSE_Project1/project_1/project_1.srcs/constrs_1/new/board.xdc]
INFO: [Opt 31-138] Pushed 0 inverter(s) to 0 load pin(s).
Netlist sorting complete. Time (s): cpu = 00:00:00 ; elapsed = 00:00:00.002 . Memory (MB): peak = 884.809 ; gain = 0.000
INFO: [Project 1-111] Unisim Transformation Summary:
  A total of 16 instances were transformed.
  RAM16X1D => RAM32X1D (RAMD32(x2)): 16 instances

7 Infos, 32 Warnings, 32 Critical Warnings and 0 Errors encountered.
link_design completed successfully
link_design: Time (s): cpu = 00:00:05 ; elapsed = 00:00:06 . Memory (MB): peak = 884.809 ; gain = 355.281
Command: opt_design
Attempting to get a license for feature 'Implementation' and/or device 'xc7a35t'
INFO: [Common 17-349] Got license for feature 'Implementation' and/or device 'xc7a35t'
Running DRC as a precondition to command opt_design

Starting DRC Task
INFO: [DRC 23-27] Running DRC with 2 threads
INFO: [Project 1-461] DRC finished with 0 Errors
INFO: [Project 1-462] Please refer to the DRC report (report_drc) for more information.

Time (s): cpu = 00:00:01 ; elapsed = 00:00:00.718 . Memory (MB): peak = 913.523 ; gain = 28.715

Starting Cache Timing Information Task
INFO: [Timing 38-35] Done setting XDC timing constraints.
Ending Cache Timing Information Task | Checksum: 21150867b

Time (s): cpu = 00:00:08 ; elapsed = 00:00:10 . Memory (MB): peak = 1462.301 ; gain = 548.777

Starting Logic Optimization Task

Phase 1 Initialization

Phase 1.1 Core Generation And Design Setup
Phase 1.1 Core Generation And Design Setup | Checksum: 21150867b

Time (s): cpu = 00:00:00 ; elapsed = 00:00:00.005 . Memory (MB): peak = 1923.383 ; gain = 0.000

Phase 1.2 Setup Constraints And Sort Netlist
Phase 1.2 Setup Constraints And Sort Netlist | Checksum: 21150867b

Time (s): cpu = 00:00:00 ; elapsed = 00:00:00.010 . Memory (MB): peak = 1923.383 ; gain = 0.000
Phase 1 Initialization | Checksum: 21150867b

Time (s): cpu = 00:00:00 ; elapsed = 00:00:00.011 . Memory (MB): peak = 1923.383 ; gain = 0.000

Phase 2 Timer Update And Timing Data Collection

Phase 2.1 Detect if minReqCache needed
Phase 2.1 Detect if minReqCache needed | Checksum: 21150867b

Time (s): cpu = 00:00:00 ; elapsed = 00:00:00.019 . Memory (MB): peak = 1923.414 ; gain = 0.031

Phase 2.2 Timer Update
Phase 2.2 Timer Update | Checksum: 21150867b

Time (s): cpu = 00:00:01 ; elapsed = 00:00:00.129 . Memory (MB): peak = 1923.414 ; gain = 0.031

Phase 2.3 Timing Data Collection
Phase 2.3 Timing Data Collection | Checksum: 21150867b

Time (s): cpu = 00:00:01 ; elapsed = 00:00:00.134 . Memory (MB): peak = 1923.414 ; gain = 0.031
Phase 2 Timer Update And Timing Data Collection | Checksum: 21150867b

Time (s): cpu = 00:00:01 ; elapsed = 00:00:00.135 . Memory (MB): peak = 1923.414 ; gain = 0.031

Phase 3 Retarget
INFO: [Opt 31-1851] Number of loadless carry chains removed were: 0
INFO: [Opt 31-1834] Total Chains To Be Transformed Were: 0 AND Number of Transformed insts Created are: 0
INFO: [Opt 31-138] Pushed 0 inverter(s) to 0 load pin(s).
INFO: [Opt 31-49] Retargeted 0 cell(s).
Phase 3 Retarget | Checksum: 2cb6a1234

Time (s): cpu = 00:00:01 ; elapsed = 00:00:00.226 . Memory (MB): peak = 1923.414 ; gain = 0.031
Retarget | Checksum: 2cb6a1234
INFO: [Opt 31-389] Phase Retarget created 0 cells and removed 4 cells

Phase 4 Constant propagation
INFO: [Opt 31-138] Pushed 0 inverter(s) to 0 load pin(s).
Phase 4 Constant propagation | Checksum: 2c0b3c930

Time (s): cpu = 00:00:01 ; elapsed = 00:00:00.286 . Memory (MB): peak = 1923.414 ; gain = 0.031
Constant propagation | Checksum: 2c0b3c930
INFO: [Opt 31-389] Phase Constant propagation created 0 cells and removed 0 cells

Phase 5 Sweep
INFO: [Constraints 18-11670] Building netlist checker database with flags, 0x8
Done building netlist checker database: Time (s): cpu = 00:00:00 ; elapsed = 00:00:00.001 . Memory (MB): peak = 1923.414 ; gain = 0.000
Phase 5 Sweep | Checksum: 22b7a7da0

Time (s): cpu = 00:00:01 ; elapsed = 00:00:00.326 . Memory (MB): peak = 1923.414 ; gain = 0.031
Sweep | Checksum: 22b7a7da0
INFO: [Opt 31-389] Phase Sweep created 0 cells and removed 0 cells

Phase 6 BUFG optimization
Phase 6 BUFG optimization | Checksum: 22b7a7da0

Time (s): cpu = 00:00:01 ; elapsed = 00:00:00.374 . Memory (MB): peak = 1923.414 ; gain = 0.031
BUFG optimization | Checksum: 22b7a7da0
INFO: [Opt 31-662] Phase BUFG optimization created 0 cells of which 0 are BUFGs and removed 0 cells.

Phase 7 Shift Register Optimization
INFO: [Opt 31-1064] SRL Remap converted 0 SRLs to 0 registers and converted 0 registers of register chains to 0 SRLs
Phase 7 Shift Register Optimization | Checksum: 22b7a7da0

Time (s): cpu = 00:00:01 ; elapsed = 00:00:00.386 . Memory (MB): peak = 1923.414 ; gain = 0.031
Shift Register Optimization | Checksum: 22b7a7da0
INFO: [Opt 31-389] Phase Shift Register Optimization created 0 cells and removed 0 cells

Phase 8 Post Processing Netlist
Phase 8 Post Processing Netlist | Checksum: 22b7a7da0

Time (s): cpu = 00:00:01 ; elapsed = 00:00:00.404 . Memory (MB): peak = 1923.414 ; gain = 0.031
Post Processing Netlist | Checksum: 22b7a7da0
INFO: [Opt 31-389] Phase Post Processing Netlist created 0 cells and removed 0 cells

Phase 9 Finalization

Phase 9.1 Finalizing Design Cores and Updating Shapes
Phase 9.1 Finalizing Design Cores and Updating Shapes | Checksum: 266f8ec2c

Time (s): cpu = 00:00:01 ; elapsed = 00:00:00.430 . Memory (MB): peak = 1923.414 ; gain = 0.031

Phase 9.2 Verifying Netlist Connectivity

Starting Connectivity Check Task

Time (s): cpu = 00:00:00 ; elapsed = 00:00:00.017 . Memory (MB): peak = 1923.414 ; gain = 0.000
Phase 9.2 Verifying Netlist Connectivity | Checksum: 266f8ec2c

Time (s): cpu = 00:00:01 ; elapsed = 00:00:00.449 . Memory (MB): peak = 1923.414 ; gain = 0.031
Phase 9 Finalization | Checksum: 266f8ec2c

Time (s): cpu = 00:00:01 ; elapsed = 00:00:00.450 . Memory (MB): peak = 1923.414 ; gain = 0.031
Opt_design Change Summary
=========================


-------------------------------------------------------------------------------------------------------------------------
|  Phase                        |  #Cells created  |  #Cells Removed  |  #Constrained objects preventing optimizations  |
-------------------------------------------------------------------------------------------------------------------------
|  Retarget                     |               0  |               4  |                                              0  |
|  Constant propagation         |               0  |               0  |                                              0  |
|  Sweep                        |               0  |               0  |                                              0  |
|  BUFG optimization            |               0  |               0  |                                              0  |
|  Shift Register Optimization  |               0  |               0  |                                              0  |
|  Post Processing Netlist      |               0  |               0  |                                              0  |
-------------------------------------------------------------------------------------------------------------------------


Ending Logic Optimization Task | Checksum: 266f8ec2c

Time (s): cpu = 00:00:01 ; elapsed = 00:00:00.453 . Memory (MB): peak = 1923.414 ; gain = 0.031

Starting Power Optimization Task
INFO: [Pwropt 34-132] Skipping clock gating for clocks with a period < 2.00 ns.
Ending Power Optimization Task | Checksum: 266f8ec2c

Time (s): cpu = 00:00:00 ; elapsed = 00:00:00.012 . Memory (MB): peak = 1923.414 ; gain = 0.000

Starting Final Cleanup Task
Ending Final Cleanup Task | Checksum: 266f8ec2c

Time (s): cpu = 00:00:00 ; elapsed = 00:00:00.002 . Memory (MB): peak = 1923.414 ; gain = 0.000
Netlist sorting complete. Time (s): cpu = 00:00:00 ; elapsed = 00:00:00.002 . Memory (MB): peak = 1923.414 ; gain = 0.000
INFO: [Common 17-83] Releasing license: Implementation
27 Infos, 32 Warnings, 32 Critical Warnings and 0 Errors encountered.
opt_design completed successfully
opt_design: Time (s): cpu = 00:00:14 ; elapsed = 00:00:15 . Memory (MB): peak = 1923.414 ; gain = 1038.605
INFO: [Vivado 12-24828] Executing command : report_drc -file datapath_drc_opted.rpt -pb datapath_drc_opted.pb -rpx datapath_drc_opted.rpx
Command: report_drc -file datapath_drc_opted.rpt -pb datapath_drc_opted.pb -rpx datapath_drc_opted.rpx
INFO: [IP_Flow 19-234] Refreshing IP repositories
INFO: [IP_Flow 19-1704] No user IP repositories specified
INFO: [IP_Flow 19-2313] Loaded Vivado IP repository 'E:/2025.2/Vivado/data/ip'.
INFO: [DRC 23-27] Running DRC with 2 threads
INFO: [Vivado_Tcl 2-168] The results of DRC are in file E:/Vivado projects/CSE_Project1/project_1/project_1.runs/impl_1/datapath_drc_opted.rpt.
report_drc completed successfully
INFO: [Timing 38-480] Writing timing data to binary archive.
Wrote PlaceDB: Time (s): cpu = 00:00:00 ; elapsed = 00:00:00 . Memory (MB): peak = 1923.414 ; gain = 0.000
Wrote PulsedLatchDB: Time (s): cpu = 00:00:00 ; elapsed = 00:00:00 . Memory (MB): peak = 1923.414 ; gain = 0.000
Writing XDEF routing.
Write ShapeDB Complete: Time (s): cpu = 00:00:01 ; elapsed = 00:00:00.018 . Memory (MB): peak = 1923.414 ; gain = 0.000
Writing XDEF routing logical nets.
Writing XDEF routing special nets.
Wrote RouteStorage: Time (s): cpu = 00:00:01 ; elapsed = 00:00:00.024 . Memory (MB): peak = 1923.414 ; gain = 0.000
Wrote PlaceStorage: Time (s): cpu = 00:00:00 ; elapsed = 00:00:00 . Memory (MB): peak = 1923.414 ; gain = 0.000
Wrote Netlist Cache: Time (s): cpu = 00:00:00 ; elapsed = 00:00:00 . Memory (MB): peak = 1923.414 ; gain = 0.000
Wrote Device Cache: Time (s): cpu = 00:00:00 ; elapsed = 00:00:00.005 . Memory (MB): peak = 1923.414 ; gain = 0.000
Write Physdb Complete: Time (s): cpu = 00:00:01 ; elapsed = 00:00:00.036 . Memory (MB): peak = 1923.414 ; gain = 0.000
INFO: [Common 17-1381] The checkpoint 'E:/Vivado projects/CSE_Project1/project_1/project_1.runs/impl_1/datapath_opt.dcp' has been generated.
Command: place_design
Attempting to get a license for feature 'Implementation' and/or device 'xc7a35t'
INFO: [Common 17-349] Got license for feature 'Implementation' and/or device 'xc7a35t'
INFO: [Common 17-83] Releasing license: Implementation
INFO: [DRC 23-27] Running DRC with 2 threads
INFO: [Vivado_Tcl 4-198] DRC finished with 0 Errors
INFO: [Vivado_Tcl 4-199] Please refer to the DRC report (report_drc) for more information.
INFO: [Timing 38-35] Done setting XDC timing constraints.
Running DRC as a precondition to command place_design
INFO: [DRC 23-27] Running DRC with 2 threads
INFO: [Vivado_Tcl 4-198] DRC finished with 0 Errors
INFO: [Vivado_Tcl 4-199] Please refer to the DRC report (report_drc) for more information.
INFO: [Place 30-611] Multithreading enabled for place_design using a maximum of 2 CPUs

Starting Placer Task

Phase 1 Placer Initialization

Phase 1.1 Placer Initialization Netlist Sorting
Netlist sorting complete. Time (s): cpu = 00:00:00 ; elapsed = 00:00:00.002 . Memory (MB): peak = 1923.414 ; gain = 0.000
Phase 1.1 Placer Initialization Netlist Sorting | Checksum: 20547f62f

Time (s): cpu = 00:00:00 ; elapsed = 00:00:00.004 . Memory (MB): peak = 1923.414 ; gain = 0.000
Netlist sorting complete. Time (s): cpu = 00:00:01 ; elapsed = 00:00:00.002 . Memory (MB): peak = 1923.414 ; gain = 0.000

Phase 1.2 IO Placement/ Clock Placement/ Build Placer Device
Phase 1.2 IO Placement/ Clock Placement/ Build Placer Device | Checksum: 1a64b4021

Time (s): cpu = 00:00:01 ; elapsed = 00:00:00.461 . Memory (MB): peak = 1923.414 ; gain = 0.000

Phase 1.3 Build Placer Netlist Model
Phase 1.3 Build Placer Netlist Model | Checksum: 244c54e30

Time (s): cpu = 00:00:03 ; elapsed = 00:00:02 . Memory (MB): peak = 1923.414 ; gain = 0.000

Phase 1.4 Constrain Clocks/Macros
Phase 1.4 Constrain Clocks/Macros | Checksum: 244c54e30

Time (s): cpu = 00:00:03 ; elapsed = 00:00:02 . Memory (MB): peak = 1923.414 ; gain = 0.000
Phase 1 Placer Initialization | Checksum: 244c54e30

Time (s): cpu = 00:00:03 ; elapsed = 00:00:02 . Memory (MB): peak = 1923.414 ; gain = 0.000

Phase 2 Global Placement

Phase 2.1 Floorplanning
Phase 2.1 Floorplanning | Checksum: 22726a381

Time (s): cpu = 00:00:04 ; elapsed = 00:00:02 . Memory (MB): peak = 1923.414 ; gain = 0.000

Phase 2.2 Update Timing before SLR Path Opt
Phase 2.2 Update Timing before SLR Path Opt | Checksum: 21d907203

Time (s): cpu = 00:00:05 ; elapsed = 00:00:03 . Memory (MB): peak = 1923.414 ; gain = 0.000

Phase 2.3 Post-Processing in Floorplanning
Phase 2.3 Post-Processing in Floorplanning | Checksum: 21d907203

Time (s): cpu = 00:00:05 ; elapsed = 00:00:03 . Memory (MB): peak = 1923.414 ; gain = 0.000

Phase 2.4 Global Place Phase1
Phase 2.4 Global Place Phase1 | Checksum: 2483b473d

Time (s): cpu = 00:00:14 ; elapsed = 00:00:08 . Memory (MB): peak = 1923.414 ; gain = 0.000

Phase 2.5 Global Place Phase2

Phase 2.5.1 UpdateTiming Before Physical Synthesis
Phase 2.5.1 UpdateTiming Before Physical Synthesis | Checksum: 25ea8ea5b

Time (s): cpu = 00:00:15 ; elapsed = 00:00:08 . Memory (MB): peak = 1923.414 ; gain = 0.000

Phase 2.5.2 Physical Synthesis In Placer
INFO: [Physopt 32-1035] Found 105 LUTNM shape to break, 6 LUT instances to create LUTNM shape
INFO: [Physopt 32-1044] Break lutnm for timing: one critical 5, two critical 100, total 105, new lutff created 0
INFO: [Physopt 32-1138] End 1 Pass. Optimized 109 nets or LUTs. Breaked 105 LUTs, combined 4 existing LUTs and moved 0 existing LUT
INFO: [Physopt 32-65] No nets found for high-fanout optimization.
INFO: [Physopt 32-232] Optimized 0 net. Created 0 new instance.
INFO: [Physopt 32-775] End 1 Pass. Optimized 0 net or cell. Created 0 new cell, deleted 0 existing cell and moved 0 existing cell
INFO: [Physopt 32-456] No candidate cells for DSP register optimization found in the design.
INFO: [Physopt 32-775] End 2 Pass. Optimized 0 net or cell. Created 0 new cell, deleted 0 existing cell and moved 0 existing cell
INFO: [Physopt 32-1123] No candidate cells found for Shift Register to Pipeline optimization
INFO: [Physopt 32-775] End 2 Pass. Optimized 0 net or cell. Created 0 new cell, deleted 0 existing cell and moved 0 existing cell
INFO: [Physopt 32-1401] No candidate cells found for Shift Register optimization.
INFO: [Physopt 32-677] No candidate cells for Shift Register optimization found in the design
INFO: [Physopt 32-775] End 1 Pass. Optimized 0 net or cell. Created 0 new cell, deleted 0 existing cell and moved 0 existing cell
INFO: [Physopt 32-526] No candidate cells for BRAM register optimization found in the design
INFO: [Physopt 32-775] End 1 Pass. Optimized 0 net or cell. Created 0 new cell, deleted 0 existing cell and moved 0 existing cell
INFO: [Physopt 32-846] No candidate cells for URAM register optimization found in the design
INFO: [Physopt 32-775] End 1 Pass. Optimized 0 net or cell. Created 0 new cell, deleted 0 existing cell and moved 0 existing cell
INFO: [Physopt 32-846] No candidate cells for URAM register optimization found in the design
INFO: [Physopt 32-775] End 1 Pass. Optimized 0 net or cell. Created 0 new cell, deleted 0 existing cell and moved 0 existing cell
INFO: [Physopt 32-949] No candidate nets found for dynamic/static region interface net replication
INFO: [Physopt 32-775] End 1 Pass. Optimized 0 net or cell. Created 0 new cell, deleted 0 existing cell and moved 0 existing cell
Netlist sorting complete. Time (s): cpu = 00:00:00 ; elapsed = 00:00:00.002 . Memory (MB): peak = 1923.414 ; gain = 0.000

Summary of Physical Synthesis Optimizations
============================================


-----------------------------------------------------------------------------------------------------------------------------------------------------------
|  Optimization                                     |  Added Cells  |  Removed Cells  |  Optimized Cells/Nets  |  Dont Touch  |  Iterations  |  Elapsed   |
-----------------------------------------------------------------------------------------------------------------------------------------------------------
|  LUT Combining                                    |          105  |              4  |                   109  |           0  |           1  |  00:00:00  |
|  Retime                                           |            0  |              0  |                     0  |           0  |           1  |  00:00:00  |
|  Very High Fanout                                 |            0  |              0  |                     0  |           0  |           1  |  00:00:00  |
|  DSP Register                                     |            0  |              0  |                     0  |           0  |           1  |  00:00:00  |
|  Shift Register to Pipeline                       |            0  |              0  |                     0  |           0  |           1  |  00:00:00  |
|  Shift Register                                   |            0  |              0  |                     0  |           0  |           1  |  00:00:00  |
|  BRAM Register                                    |            0  |              0  |                     0  |           0  |           1  |  00:00:00  |
|  URAM Register                                    |            0  |              0  |                     0  |           0  |           1  |  00:00:00  |
|  Dynamic/Static Region Interface Net Replication  |            0  |              0  |                     0  |           0  |           1  |  00:00:00  |
|  Total                                            |          105  |              4  |                   109  |           0  |           9  |  00:00:00  |
-----------------------------------------------------------------------------------------------------------------------------------------------------------


Phase 2.5.2 Physical Synthesis In Placer | Checksum: 2325ff2a8

Time (s): cpu = 00:00:16 ; elapsed = 00:00:09 . Memory (MB): peak = 1923.414 ; gain = 0.000
Phase 2.5 Global Place Phase2 | Checksum: 1ee9f1f7f

Time (s): cpu = 00:00:17 ; elapsed = 00:00:10 . Memory (MB): peak = 1923.414 ; gain = 0.000
Phase 2 Global Placement | Checksum: 1ee9f1f7f

Time (s): cpu = 00:00:17 ; elapsed = 00:00:10 . Memory (MB): peak = 1923.414 ; gain = 0.000

Phase 3 Detail Placement

Phase 3.1 Commit Multi Column Macros
Phase 3.1 Commit Multi Column Macros | Checksum: 25a7e9522

Time (s): cpu = 00:00:18 ; elapsed = 00:00:10 . Memory (MB): peak = 1923.414 ; gain = 0.000

Phase 3.2 Commit Most Macros & LUTRAMs
Phase 3.2 Commit Most Macros & LUTRAMs | Checksum: 2186c2c9c

Time (s): cpu = 00:00:20 ; elapsed = 00:00:12 . Memory (MB): peak = 1923.414 ; gain = 0.000

Phase 3.3 Area Swap Optimization
Phase 3.3 Area Swap Optimization | Checksum: 1ba5936e4

Time (s): cpu = 00:00:20 ; elapsed = 00:00:12 . Memory (MB): peak = 1923.414 ; gain = 0.000

Phase 3.4 Pipeline Register Optimization
Phase 3.4 Pipeline Register Optimization | Checksum: 235fb59d0

Time (s): cpu = 00:00:20 ; elapsed = 00:00:12 . Memory (MB): peak = 1923.414 ; gain = 0.000

Phase 3.5 Fast Optimization
Phase 3.5 Fast Optimization | Checksum: 1d2e0a5e6

Time (s): cpu = 00:00:30 ; elapsed = 00:00:20 . Memory (MB): peak = 1923.414 ; gain = 0.000

Phase 3.6 Small Shape Detail Placement
Phase 3.6 Small Shape Detail Placement | Checksum: 1e3b06520

Time (s): cpu = 00:00:36 ; elapsed = 00:00:28 . Memory (MB): peak = 1923.414 ; gain = 0.000

Phase 3.7 Re-assign LUT pins
Phase 3.7 Re-assign LUT pins | Checksum: 20e63e5e1

Time (s): cpu = 00:00:37 ; elapsed = 00:00:29 . Memory (MB): peak = 1923.414 ; gain = 0.000

Phase 3.8 Pipeline Register Optimization
Phase 3.8 Pipeline Register Optimization | Checksum: 1e9f06cbf

Time (s): cpu = 00:00:37 ; elapsed = 00:00:29 . Memory (MB): peak = 1923.414 ; gain = 0.000

Phase 3.9 Fast Optimization
Phase 3.9 Fast Optimization | Checksum: 1148995e9

Time (s): cpu = 00:00:52 ; elapsed = 00:00:43 . Memory (MB): peak = 1923.414 ; gain = 0.000
Phase 3 Detail Placement | Checksum: 1148995e9

Time (s): cpu = 00:00:52 ; elapsed = 00:00:43 . Memory (MB): peak = 1923.414 ; gain = 0.000

Phase 4 Post Placement Optimization and Clean-Up

Phase 4.1 Post Commit Optimization
INFO: [Timing 38-35] Done setting XDC timing constraints.

Phase 4.1.1 Post Placement Optimization
Post Placement Optimization Initialization | Checksum: 2c490b0f6

Phase 4.1.1.1 BUFG Insertion

Starting Physical Synthesis Task

Phase 1 Physical Synthesis Initialization
INFO: [Physopt 32-721] Multithreading enabled for phys_opt_design using a maximum of 2 CPUs
INFO: [Physopt 32-619] Estimated Timing Summary | WNS=-1.677 | TNS=-1025.742 |
Phase 1 Physical Synthesis Initialization | Checksum: 242c16884

Time (s): cpu = 00:00:00 ; elapsed = 00:00:00.104 . Memory (MB): peak = 1923.414 ; gain = 0.000
INFO: [Place 46-56] BUFG insertion identified 0 candidate nets. Inserted BUFG: 0, Replicated BUFG Driver: 0, Skipped due to Placement/Routing Conflicts: 0, Skipped due to Timing Degradation: 0, Skipped due to netlist editing failed: 0.
Ending Physical Synthesis Task | Checksum: 23a7f4b0f

Time (s): cpu = 00:00:00 ; elapsed = 00:00:00.169 . Memory (MB): peak = 1923.414 ; gain = 0.000
Phase 4.1.1.1 BUFG Insertion | Checksum: 2c490b0f6

Time (s): cpu = 00:00:55 ; elapsed = 00:00:44 . Memory (MB): peak = 1923.414 ; gain = 0.000

Phase 4.1.1.2 Post Placement Timing Optimization
INFO: [Place 30-746] Post Placement Timing Summary WNS=-1.048. For the most accurate timing information please run report_timing.
Phase 4.1.1.2 Post Placement Timing Optimization | Checksum: 226ef609d

Time (s): cpu = 00:01:41 ; elapsed = 00:01:30 . Memory (MB): peak = 1923.414 ; gain = 0.000

Time (s): cpu = 00:01:41 ; elapsed = 00:01:30 . Memory (MB): peak = 1923.414 ; gain = 0.000
Phase 4.1 Post Commit Optimization | Checksum: 226ef609d

Time (s): cpu = 00:01:41 ; elapsed = 00:01:30 . Memory (MB): peak = 1923.414 ; gain = 0.000

Phase 4.2 Post Placement Cleanup
Phase 4.2 Post Placement Cleanup | Checksum: 226ef609d

Time (s): cpu = 00:01:41 ; elapsed = 00:01:30 . Memory (MB): peak = 1923.414 ; gain = 0.000

Phase 4.3 Placer Reporting

Phase 4.3.1 Print Estimated Congestion
INFO: [Place 30-612] Post-Placement Estimated Congestion 
 ____________________________________________________
|           | Global Congestion | Short Congestion  |
| Direction | Region Size       | Region Size       |
|___________|___________________|___________________|
|      North|                2x2|                4x4|
|___________|___________________|___________________|
|      South|                1x1|                4x4|
|___________|___________________|___________________|
|       East|                2x2|                4x4|
|___________|___________________|___________________|
|       West|                1x1|                2x2|
|___________|___________________|___________________|

Phase 4.3.1 Print Estimated Congestion | Checksum: 226ef609d

Time (s): cpu = 00:01:41 ; elapsed = 00:01:30 . Memory (MB): peak = 1923.414 ; gain = 0.000
Phase 4.3 Placer Reporting | Checksum: 226ef609d

Time (s): cpu = 00:01:41 ; elapsed = 00:01:30 . Memory (MB): peak = 1923.414 ; gain = 0.000

Phase 4.4 Final Placement Cleanup
Netlist sorting complete. Time (s): cpu = 00:00:00 ; elapsed = 00:00:00.001 . Memory (MB): peak = 1923.414 ; gain = 0.000

Time (s): cpu = 00:01:41 ; elapsed = 00:01:30 . Memory (MB): peak = 1923.414 ; gain = 0.000
Phase 4 Post Placement Optimization and Clean-Up | Checksum: 15570f7c0

Time (s): cpu = 00:01:41 ; elapsed = 00:01:30 . Memory (MB): peak = 1923.414 ; gain = 0.000
Ending Placer Task | Checksum: 104028261

Time (s): cpu = 00:01:41 ; elapsed = 00:01:30 . Memory (MB): peak = 1923.414 ; gain = 0.000
72 Infos, 32 Warnings, 32 Critical Warnings and 0 Errors encountered.
place_design completed successfully
place_design: Time (s): cpu = 00:01:42 ; elapsed = 00:01:31 . Memory (MB): peak = 1923.414 ; gain = 0.000
INFO: [Vivado 12-24838] Running report commands "report_control_sets, report_io, report_utilization" in parallel.
Running report generation with 2 threads.
INFO: [Vivado 12-24828] Executing command : report_utilization -file datapath_utilization_placed.rpt -pb datapath_utilization_placed.pb
INFO: [Vivado 12-24828] Executing command : report_io -file datapath_io_placed.rpt
report_io: Time (s): cpu = 00:00:00 ; elapsed = 00:00:00.080 . Memory (MB): peak = 1923.414 ; gain = 0.000
INFO: [Vivado 12-24828] Executing command : report_control_sets -verbose -file datapath_control_sets_placed.rpt
report_control_sets: Time (s): cpu = 00:00:01 ; elapsed = 00:00:00.033 . Memory (MB): peak = 1923.414 ; gain = 0.000
INFO: [Timing 38-480] Writing timing data to binary archive.
Wrote PlaceDB: Time (s): cpu = 00:00:00 ; elapsed = 00:00:00 . Memory (MB): peak = 1923.414 ; gain = 0.000
Wrote PulsedLatchDB: Time (s): cpu = 00:00:00 ; elapsed = 00:00:00 . Memory (MB): peak = 1923.414 ; gain = 0.000
Writing XDEF routing.
Write ShapeDB Complete: Time (s): cpu = 00:00:00 ; elapsed = 00:00:00.018 . Memory (MB): peak = 1923.414 ; gain = 0.000
Writing XDEF routing logical nets.
Writing XDEF routing special nets.
Wrote RouteStorage: Time (s): cpu = 00:00:00 ; elapsed = 00:00:00.025 . Memory (MB): peak = 1923.414 ; gain = 0.000
Wrote PlaceStorage: Time (s): cpu = 00:00:00 ; elapsed = 00:00:00.228 . Memory (MB): peak = 1923.414 ; gain = 0.000
Wrote Netlist Cache: Time (s): cpu = 00:00:00 ; elapsed = 00:00:00.008 . Memory (MB): peak = 1923.414 ; gain = 0.000
Wrote Device Cache: Time (s): cpu = 00:00:00 ; elapsed = 00:00:00.006 . Memory (MB): peak = 1923.414 ; gain = 0.000
Write Physdb Complete: Time (s): cpu = 00:00:00 ; elapsed = 00:00:00.275 . Memory (MB): peak = 1923.414 ; gain = 0.000
INFO: [Common 17-1381] The checkpoint 'E:/Vivado projects/CSE_Project1/project_1/project_1.runs/impl_1/datapath_placed.dcp' has been generated.
Command: phys_opt_design
Attempting to get a license for feature 'Implementation' and/or device 'xc7a35t'
INFO: [Common 17-349] Got license for feature 'Implementation' and/or device 'xc7a35t'

Starting Initial Update Timing Task
