INFO: [VRFC 10-2263] Analyzing Verilog file "E:/Vivado projects/CSE_Project1/project_1/project_1.srcs/sources_1/new/ProgramCounter_16bit.v" into library xil_defaultlib
INFO: [VRFC 10-311] analyzing module ProgramCounter_16bit
INFO: [VRFC 10-2263] Analyzing Verilog file "E:/Vivado projects/CSE_Project1/project_1/project_1.srcs/sources_1/new/SignExtension.v" into library xil_defaultlib
INFO: [VRFC 10-311] analyzing module SignExtension
INFO: [VRFC 10-2263] Analyzing Verilog file "E:/Vivado projects/CSE_Project1/project_1/project_1.srcs/sources_1/new/alu.v" into library xil_defaultlib
INFO: [VRFC 10-311] analyzing module alu
INFO: [VRFC 10-2263] Analyzing Verilog file "E:/Vivado projects/CSE_Project1/project_1/project_1.srcs/sources_1/new/branch_jump.v" into library xil_defaultlib
INFO: [VRFC 10-311] analyzing module branch_jump
INFO: [VRFC 10-2263] Analyzing Verilog file "E:/Vivado projects/CSE_Project1/project_1/project_1.srcs/sources_1/new/control_unit.v" into library xil_defaultlib
INFO: [VRFC 10-311] analyzing module control_unit
INFO: [VRFC 10-2263] Analyzing Verilog file "E:/Vivado projects/CSE_Project1/project_1/project_1.srcs/sources_1/new/data_memory.v" into library xil_defaultlib
INFO: [VRFC 10-311] analyzing module data_memory
INFO: [VRFC 10-2263] Analyzing Verilog file "E:/Vivado projects/CSE_Project1/project_1/project_1.srcs/sources_1/new/instruction_decode.v" into library xil_defaultlib
INFO: [VRFC 10-311] analyzing module instruction_decode
INFO: [VRFC 10-2263] Analyzing Verilog file "E:/Vivado projects/CSE_Project1/project_1/project_1.srcs/sources_1/new/instruction_mem.v" into library xil_defaultlib
INFO: [VRFC 10-311] analyzing module instruction_memory
INFO: [VRFC 10-2263] Analyzing Verilog file "E:/Vivado projects/CSE_Project1/project_1/project_1.srcs/sources_1/new/mux.v" into library xil_defaultlib
INFO: [VRFC 10-311] analyzing module mux_alu_src
INFO: [VRFC 10-311] analyzing module mux_wb
INFO: [VRFC 10-311] analyzing module mux_pc
INFO: [VRFC 10-2263] Analyzing Verilog file "E:/Vivado projects/CSE_Project1/project_1/project_1.srcs/sources_1/new/register_file.v" into library xil_defaultlib
INFO: [VRFC 10-311] analyzing module register_file
INFO: [VRFC 10-2263] Analyzing Verilog file "E:/Vivado projects/CSE_Project1/project_1/project_1.srcs/sources_1/new/component_testbench.v" into library xil_defaultlib
INFO: [VRFC 10-311] analyzing module component_testbench
