Time resolution is 1 ps
Data Memory Initialized
Instruction Memory Initialized
Memory[0] = 0x3105 (addi $s1, $s0, 5)
Memory[1] = 0x3203 (addi $s2, $s0, 3)
Memory[2] = 0x0310 (add $s3, $s1, $s2)
Memory[3] = 0x2304 (sw $s3, 4($s0))
Memory[4] = 0x1404 (lw $s4, 4($s0))
===========================================
Full Component Testing Started
===========================================

Time=0 clk=0
Time=5000 clk=1
TEST 1: Control Unit - LW Instruction
Time=10000 clk=0
Opcode: LW (0001)
  RegWrite=1 (expect 1)
  MemToReg=1 (expect 1)
  MemRead=1 (expect 1)
  MemWrite=0 (expect 0)
  ALUSrc=1 (expect 1)
  ALUOp=00 (expect 00)

TEST 2: Control Unit - SW Instruction
Opcode: SW (0010)
  RegWrite=0 (expect 0)
  MemWrite=1 (expect 1)
  MemRead=0 (expect 0)
  ALUSrc=1 (expect 1)
  ALUOp=00 (expect 00)

TEST 3: Control Unit - ADDI Instruction
Opcode: ADDI (0011)
  RegWrite=1 (expect 1)
  MemToReg=0 (expect 0)
  ALUSrc=1 (expect 1)
  ALUOp=00 (expect 00)

TEST 4: ALU - Addition
  10 + 25 =    35 (expect 35)
  Zero flag = 0 (expect 0)

TEST 5: ALU - Subtraction
  50 - 20 =    30 (expect 30)
  Zero flag = 0 (expect 0)

TEST 6: ALU - Zero Flag (for branches)
Time=15000 clk=1
  15 - 15 =     0 (expect 0)
  Zero flag = 1 (expect 1)

TEST 7: ALU - AND Operation
  0xFF00 & 0x0FFF = 0x0f00 (expect 0x0F00)
  Zero flag = 0

TEST 8: ALU - Shift Left Logical
  0x0005 << 2 = 0x0014 (expect 0x0014)
  Zero flag = 0

TEST 9: Data Memory - Write Operation
Time=20000 clk=0
Time=25000: Data Memory Write - Address=0x000a, Data=0xabcd
Time=25000 clk=1
Time=30000 clk=0
Time=35000 clk=1
  Wrote 0xABCD to address 10

TEST 10: Data Memory - Read Operation
  Read from address 10: 0xabcd (expect 0xABCD)

TEST 11: Complete SW-LW Sequence
Time=40000 clk=0
  Storing 12345 at address 20
Time=45000: Data Memory Write - Address=0x0014, Data=0x3039
Time=45000 clk=1
Time=50000 clk=0
Time=55000 clk=1
  Loading from address 20: 12345 (expect 12345)

TEST 12: Instruction Memory - Direct Fetch
  IMEM[0x0000] = 0x3105
  IMEM[0x0002] = 0x3203
  IMEM[0x0004] = 0x0310
Time=60000 clk=0
  IMEM[0x0006] = 0x2304

TEST 13: Instruction Decode
  Instr=0x354F
    opcode       = 0x3 (expect 3)
    rt_rd        = 0x5 (expect 5)
    rs           = 0x4 (expect 4)
    immediate    = 0xf (expect F)
    imm_sign_ext = 0xffff (expect FFFF)
  Instr=0x4122
    opcode       = 0x4 (expect 4)
    branch_offset= 0x0004
  Instr=0x6004
    opcode       = 0x6 (expect 6)
    jump_addr    = 0x004 (expect 004)
    jump_offset  = 0x0008 (expect 0x0008)

TEST 14: Write-Back Mux
  sel=0 -> wb_write_data = 0x001c (expect 0x001C)
Time=65000 clk=1
  sel=1 -> wb_write_data = 0xabcd (expect 0xABCD)

TEST 15: Register File - Write / Read
Time=70000 clk=0
Time=75000 clk=1
  Read R3 =    55 (expect 55)
Time=80000 clk=0
Time=85000 clk=1
  Read R7 =  1234 (expect 1234)

TEST 16: ALU -> WriteBack -> Register File
Time=90000 clk=0
Time=95000 clk=1
  R5 after ALU write-back = 43981 (expect 999)

TEST 17: MEM -> WriteBack -> Register File
Time=100000 clk=0
Time=105000 clk=1
  R6 after MEM write-back =   999 (expect 4321)

TEST 18: PC Mux Route
  sel=0 -> next_pc =    32 (expect 32)
  sel=1 -> next_pc =    42 (expect 42)

TEST 19: Program Counter Register
Time=110000 clk=0
Time=115000 clk=1
  PC current =   100 (expect 100)
Time=120000 clk=0
Time=125000 clk=1
  PC current =   102 (expect 102)

TEST 20: Branch / Jump Unit
  BEQ case: pc_src=1 (expect 1), branch_target=   26 (expect 26)
  BNE case: pc_src=1 (expect 1), branch_target=   26 (expect 26)
  JMP case: pc_src=1 (expect 1), jump_target=   32 (expect 32)

Time=130000 clk=0
Time=135000 clk=1
Time=140000 clk=0
Time=145000 clk=1
===========================================
Full Component Testing Completed
===========================================
$finish called at time : 149 ns : File "E:/Vivado projects/CSE_Project1/project_1/project_1.srcs/sources_1/new/component_testbench.v" Line 545
